Array
(
    [resultCode] => RedirectShopper
    [action] => Array
        (
            [paymentMethodType] => scheme
            [url] => https://test.adyen.com/hpp/3d/validate.shtml
            [data] => Array
                (
                    [MD] => Tm9haTJnVGhrOW9MditGaitiQzlVUT09IXJDoR5JbgjHPx0NngNsmXlwe4mGsXhYcUMDnDn-Urde-0QkV0ZJY8wqRj844k-wJKYPlE7KumPEhJC2P5vg7DjmMFWyH3i-z7lmh3XGm5tldMMpG_yjRWizFiigGJ4gTWa8hdIVSWv2YMeOJ20Vfl8fg6uf3Aae6eVoPaJJS7uQy2D0ULR3XOrmUXgsEKjgRdjK81mZkQG2h1MaViWQNvSNGDaE-6fPga86osB6fe-T-jd52BYv7OKwF2_FjmZ6FtZ3LPlCJs4tM7K6aJywxRnUYVUwUFr0fyej4KE8X2RHq4WrcFjLw8q0UNbx8iJXkDww0oNpOhIHzmDdaDBjvQcnavikxxXvF-SBACIG9hv0oLTx0j4dr71Opdc-bkDO7Rh7SD3rN6qk7Q33PLVsQWSQbeMQ68Ys01J3srDD3cR4c0OuWImhpq0WSBZGgukHwNhJzBqh0exNJAEdx1-FWgni-c66gxplLb9BBBm5GD1pT4A_adTPsg2CTa7zWhQuTZQaG3Mb_r1jTz3JY1KZRLUQkvApaSVaKTPTeXHIACeWsc_04aY6HvW3gaQRzoyp24nsaK3_cusuWNdrv0hxtlPOPL5u1SOX0deqHL4RVdLJ3HlaHCOsilE0R5bSg5NKEmMgbwhXWAZyFb-Ozx3YPnACL1VmgA9i_oQ0UzHFCXYNxOEHKUgD9YEQEEnobJFMxLzCBdcddBeEqjj_w3WNO-oeC2JG06LDrZ904Bk_6EjIxl0RMgkVOk7WrMZ3pEbKzMl4kBYfmiAcuxlJB1LlumvWjtUuMy4
                    [PaReq] => eNpVUttSgzAQ/ZXqBxAI0FZmzQyCTqsW24o+9MXJhJ0WbaANwda/N6HFS5727OXs7tlAvlGI6TOKViGDGTYNX+OgLK4vo8dFkqySYbiiy1WWjeklg3m8xD2DT1RNWVfMc1yHAumhKVdiwyvNgIv9zTRjoUf9AMgZgUQ1TVmOjZ5LGYt9WypUsRB1W2kgpyhUXCJ7id/i5CJ6llzpW1HLx1KWGovkaQakS4CuSH0xPzANegCt2rKN1rsmIuRwODiyLlBVZaO3df3hGCIgNgXI76jz1lqNoTyWBcvv7tKFt0uz91c+297z/CMIZuvYvmsgNgMKrpFRl1LX872BF0b+OKI+kM4PXNpZ2OQhHYyuqOO6Zv2TC3a2U3wCJmZDf11gbqCwEv1OPQI87uoKTYbR+scG8jt4MrGKC23kC6mVPByOxlduL34XsCyl1ct1/Y7GAiC2lJzPSs7nN9a/b/ENA121zg==
                    [TermUrl] => https://checkoutshopper-test.adyen.com/checkoutshopper/threeDS/return/H4sIAAAAAAAAAAXBR7KqQAAAwNv8HVVDEHDxFpIdcg4bawgOGQQJcvrfbUp_wXCvUQDHSK0XO76bZfNVUfNt3KuPwgDcnwmUJu8Gc9xqzgmsEVvrkPRHxQzqmtRpEZrSKI1EuJQVAdwuAhlM-ePjtTzDdMQB9dTpZU7fBkeuoUg5tx1zUjuYSvzT6Ia4uH6o6UQdbt--NM1Zff1aL24upWmwChkcxIivy2fkxzuVmpUNKRC9e_6N2e1NP1DFVtHkIAh9bnN_lARCw6MTexnCBK-y3mKvbHWeHLLOVamaNFHUxK61-5YqIZlg3w5GPDutAvuuiIBoyxslpDtn64dCvZR2yFjlm9GG04twZb4mp7MI_o7TG8M0Co9QWcD7V7WMLvMJ5WkfJl4KpTUO_gNCKz_5BiaddBxgsma7fmrXIJVIEtrdLUa0N915JrtC-MJDfKr3egeTEZygZcqFI-25LIi8k2zOqzlfoheL_XScS9OOEa1u7Lt5Zbosn66AhPS6SBJdeEwB7C1-DvX8AbEvZCreOu2wangJnxpUpwUfcnmShBLjsSEKlsXn3Bv5XRCE4aZK5BwwjxcqA2fFlBgg7oprdwsyF6m0mb8Wsg0uGqaknnlG6Hb7Y0Z-hPTACapEez7EKl6LF2BQymp7TGPketf0mylmXJFOv4pt3WKrXHZQn9_esR3jtpG-nYCy-mgG40WlAWmtR5por00vA--W-_hm6fJg4vyok_iR_ZScsK-TTp3xIRpkNODHvXlNLggvTRGT1DptWdNDLN1T2ZXlccqhYp7GJQplUZZCJX_a9nXQsWUTUyVSUAWsIS3ZHTBC92Ll9nn2wDNxF9kdFy9mRs9yrl9mz3RC-h6aR7GdPRRIo9-GPW6_4Wb-mH_N-K3wgr7NNP6huXmh7Vv_m9fZq97VUo1F9We4opiJ7C2jvMyyeOrf2uA_1m1QHrbGJMAAZRHziT7p7QJLGKcnrSsnvYay12clqx7_AZVsoK2lAwAA
                )

            [method] => POST
            [type] => redirect
        )

)
Array
(
    [resultCode] => RedirectShopper
    [action] => Array
        (
            [paymentMethodType] => scheme
            [url] => https://test.adyen.com/hpp/3d/validate.shtml
            [data] => Array
                (
                    [MD] => SmdSWE8rT21mMUR2b1h2eCtzai85QT09ISQAVGDK-E3pXv5IACBT6FjlUoqtzcOn5BfcjQtq8fHa87EOosHqSd1XH_RXntMRq6_J_N5xrTf-u0-VOA7gprB25NkGYWl1xvluYNUtelOAgYd1-rArGr1apwj-_pezHj-3qWiAgOu30a5CZMQ2QYEea0K_Lp09o3WbDGV7HiR3p3AE-XfGjutABo1JY5oZm4oNzXYncmIi7lgNbAraLXrQAn4JBmeCQCxXKYyJNSbylPkBP7oa0A2D9ZwvE3bll0OZh50erl8UWwj8G1rUdlcXEDFCvfGYQxfg17v1NJNX6x9t55v-jwlhJDnrJbkercmFmVn8AzRjP4DDaqLn-RLSyseHwamPWwQTHyp4ki9jOEDEiEABRClZxlIECO0ISEWBHJfYjup7JnOb1UDbMXV4Ehsnrb2FHjnOrssq4H93Y9X3v9lZytmGxfnLdkt3MGz6dqVWicMq1Dxr7Z0vI2McAROA6BnSD3RCk28QR196koaZOV69p6p01nWbu5ZfYceLbSlXh8xWTxHEqd-B-EDCII4h4Dfl0hwLy58lcFkDWz3t3t2uFn4er9I_2q_rKuuWqMCTFvy3ASFwXMJH5gqs3TVARGV4Qb08VF-W_yyPVTR7QCkVEbuScGOi2dTQQIUKCwBH2UAskQcTdFeaBZGtJNBThVdbXvI0Uv077KKIMaKcQRKGZcp0uCSHXT-tyaexxSqIXsvs1dw-leXL8b6mkPAFKYWEoEKcZYHSPCnd52Z7lVTltTDmC3O3ua5Ut6nZPozNpRU70Pjc93bklPgCgdgO3S4zLg
                    [PaReq] => eNpVUttuwjAM/RXGBzRpCwMqE6nANG7tEIXtcapSCyJIC2k62N8vKXRsefLx5dg+Dmz2CnGSIK8UMoiwLNMdtkQ2bAcfyTKeTOejZfK6jBd9r81gFa7xzOALVSmKnLkOdTwgDTTliu/TXDNI+Xk0i1nX9fwOkDsCiWo2YRss9UrKkJ8roVCFnBdVroHcopCnEtk2/AzHT0EiU6VfeCGXQgqN2fgtAlInQF2kvpnfMQ0aAJU6sr3WpzIg5HK5OLLIUOWi1MeiODiGCIhNAfIYdVVZqzSUV5GxdzeONof1LDnMoy3NjF12ol1o3xCIzYAs1cg86nnU9d2W2w06NKADILUfUmlnYdPFpNUbeA6lZv2bC062U3gDJmZDf11gbqAw581ODQK8noocTYbR+tcG8hh8PLWKc23k63pW8u5zrz+gjfh1wLIIqxelfk1jARBbSu5nJffzG+vft/gBayq2DA==
                    [TermUrl] => https://checkoutshopper-test.adyen.com/checkoutshopper/threeDS/return/H4sIAAAAAAAAAAXBNbKkUAAAwNtsRhUuwQ9wdyeZwgd4uA6n325T-PPHyo9FegtQZDRDDy2QL1rzx5t3NOEGMKP6LhvJgg6J2JJchMryXEBKPQjn9XhLeyK4puzdY6UbJacp0Z53ZfUrJFE-XjIdpreSH-1jEc8WNNAJQ5HNUu2ycShhDXIaA-S5wJla4VEDm23TCoE2dpM3JF_uHvos9av0ELbGHdvaJwbnBJ-ZLuqmYp3D-sdYYGbG4kKQI0rpPGzBWBFKGrk_D5abES0l5mzEZ-tN0qkc1Y4CrVWwW24km8tOuMaNNe_yT6KnP83yix9wBs6h5hxmUYHJ7kvECgBgO_sScL0BOozvnpaRLaxAmYiCxF-NnLpP0yLUhVialZAPcxDEBfU3-GrCtGnFUG_lKI3RRLOv1zu4IOSrMUGe4f_2Wrnz0YlvN1B-Cz50TG-LgtiJLOfxIHuAKvI2rPpizClak_bnQmmTXSChUJhJhIvffdoKVFL6yd72fcUVBkuZBLsYkP2OUX6ayaiGAzPll6zWKO5Kc0WEZ6My-FJRs2Q9myW5yRcwjx9Q2vUQhhzmPLMjklnIBUamuDiJrEnL2ih8kHzpJw4eRVwriINEgVdV_IsLDYC_t_EjaFBKgxC_2IEd6ClNeL0x6gddP5t-nvFq8oF0_TDWl-7E1BSiXXcsiFhPjnC3gOlIguLP7-dEgUe5_BCJxemXst2hVeC6aqjzN6egIbsPbhlUUp1zmXxoFhd8o6pILhUOL5iidF01c710PV3OygU-eV9JAuj45fXz-Kua7NeOVDcE6sSgC3IcHFbS01icRb3MUsV3-Kki0IwCUQCOQBh5zMbOnAgPcsqc-bUWL6Rgpy8ZrBiA0_Jt1dqYj79G-6-bjrrd8qObp7986T75eXz_Lfvi1U291VNZ_8W-YQmKxhm-bFg6jf7bu_Yv3vqwhtM8qUIhi75Atd-7f8GD60vi0I16PNcq5Tu51_t_4r_tU6gDAAA
                )

            [method] => POST
            [type] => redirect
        )

)
Array
(
    [resultCode] => RedirectShopper
    [action] => Array
        (
            [paymentMethodType] => scheme
            [url] => https://test.adyen.com/hpp/3d/validate.shtml
            [data] => Array
                (
                    [MD] => SzNrSUNQZWlVNEE0SFF1WXNTejdvdz09Iab_67zy9zYyrqpFa4e8NXhCdQLvbf-nEqnVSwq-udp5AKhS3IYcn1TrPoGzetS5AMCorDFIiPuSBZIGv0sXipWGCOR56Lw36F8CuR_YDd-hSzt-9f9XXIhesQyYnx1ooCDRkzM3MYI4jGHUykcw16zVmpg7aRPYFr8P-6eKNUxlsBj46HZcTbzox8VCqDlbihDnWiWgBNjzzUZnHd9xZh4Yp3RMc3irUZUJPJsgG084cE51Dr4fTY0-ZMpS_OLRa8yLmE4Kw0GUP-Kf775a7UTMZgYxv97HnDaULZVXJqizIMgFxH2T0XQfCTxaIBbEH6KpnjDvHVtZMOCpkGhjtv6y9JO2Cm4VUMlEHmL2gcGWCRge-zaN7r469m0mo5PSZSDRZW21i83fvMQb6wSjmmESauJn7ikjZB-6HurNwT89t9UV5VByL3fJ2y8cfEVOrrEtJYOgqtkWKc4QgiHEGEcn073ZjKZxfd0RVB8_LWG8Q8irAVga3osupZHcBQsvhBV0rAbso0vsNYlgOxjoA3n6lz0c2_1gadGEtg-mozj3GtKdNXcLh8GcI644KiftcIjw6ea_CvvuxrFYeNdTl-SVVFesmuC1ke5KZ4wGgsUJuRvcCb-U1QPhW50ipSy9LvG8j3Q6ahVrMt_1XLcD-2KwERk8Uu61uYRVg1hWORqLOjojLa8vflMLRZrzbvpPyL9iukw-tR7Z4aW9rjc5Ubkyg1EJqdQUzO30A4VP7Qch2vE45YZZF32uPMeuGF-N2kG6_I9-4CGoYymnPQn-fC7equsZpC4zLg
                    [PaReq] => eNpVUttuwjAM/RW2D2jSlHKpTKQC07iVIQq8TlVqQQVpIU0H+/slhY4tTz6+HNvHgc1BIY5jFJVCDhGWZbLHVpYOXoPdOmbjxWy4iN8Xy3mPvXJYhWu8cPhCVWZFzl2HOgxIA025Eock1xwScRlOl9x3mdcG8kAgUU3HfIOlXkkZikuVKVShEEWVayD3KOSJRL4NP8PRSxDLROk3UchFJjON6egjAlInQF2kvrnXNg0aAJU68YPW5zIg5Hq9OrJIUeVZqU9FcXQMERCbAuQ56qqyVmkob1nKd6fZJjquo/g4i7Y0jTbHsh3tQ/sGQGwGpIlGzihj1PXclusH7U7g+kBqPyTSzsIn83Gr22cOpWb9uwvOtlN4ByZmQ39dYG6gMBfNTg0CvJ2LHE2G0frXBvIcfDSxigtt5POZldzvdHt92ohfByxLZvWi1KtpLABiS8njrORxfmP9+xY/hq22Nw==
                    [TermUrl] => https://checkoutshopper-test.adyen.com/checkoutshopper/threeDS/return/H4sIAAAAAAAAAAXBRbKrQAAAwNv8HVW4LN4iuAcnzIaCwQkSHE7_uy3xz3_sxQ9tF8TfyJYk1JdlLP7YQdkVR_GgnJblKc08N_ck9_Kb5YwsWfvTCIVrHnmFjNJvjPzzh-zFTL2Mxie0BI5YsDiT8pSbT70sYVpEWWud3eeBphzo-mnnWBHeHkWbJ0HLrLB7aSIWSOM_G8JV3OejNeXq3sl4YdMkiF7_WISVaGSnqOHdwxOjn2iYaybznEReWAehS8MOr-_KdyStAhjkz3SxkfATv3nbiGPcxjVvd88TglEtuAs0ZDITngWJdglBqDv6WisoS0KJwsSFrIIERYA1--nb9DL2NgeJNE5UCR3EqBiGypgwsECdXAfHqKOYhSaIPvqvfTSrli8VD9CPWwnBlWl8Lqm0MY-deKjRBqy3MPdK020HfXP6GxcGMgqtr6QOJl5DJRa8ukSezGYWkuYGdJgoxwe-6IEYx1qWqA7LzenT74ZB8rNdH5m27wCP0Oq-2GfAchsXRlTE3yZR6fjNwkqK3ssibXryrn9bHxuQdOtWlRQJjihDgM4AV1WgXsSzqRkrrMu2yyuqM2Ja9xmokHfXo-EjdHnl64Qeq5186_fVTS9ipL8PCvEUq7NCkbYaGaanI5TNKOwPNBtWgRpNkkZbbVDrTrrMUuE49muRk9Iugi_iR5FcrsMuYH1JGYA8lXoN9d07oJAjIeY6TUyh7ezfnHkobEe4dNZEi7Wl2MeEIoIbp-T1bLjT2J54UY018dv7me9u6syMPaqvZXpgefJjdm6Ta_f-RDaPAWQWc0sHqTDv7xqT9F_hhs-bQF9k5DAubPBDIqkEAJnAd8cqd0VGbLxX6FTjEFJQpuQeRscdkUpgyt--glkgH7P-145bWS_Z1k7jXza3abZvzb95nb2yKpdyhOVf5Pm4aOq86SumbbD4v7Wt_84O8rT0Cu5GH12JGoq9JyDgSTXFyN22V6gc7eoQ2LnC_8nqg2qoAwAA
                )

            [method] => POST
            [type] => redirect
        )

)
Array
(
    [resultCode] => RedirectShopper
    [action] => Array
        (
            [paymentMethodType] => scheme
            [url] => https://test.adyen.com/hpp/3d/validate.shtml
            [data] => Array
                (
                    [MD] => SDN4NTFTc0hRTjhGWkFxT2ZPWGxLdz09IWzha2uY-bRAWtaTS-d9yjszyApOTTe72sRM5FKjGjfloJw2Z1VTiSGaNLv0eQXjiW5BpntBzZZMtpvcRrg3VjQW_QUSAeTGafdULb9cIf3ISVWn00IpLNrujLigGgElX8L0S0qIml5P97zsDooI1fBmoOQ_CASJu6l2Vrh-PK6DvZ0gV2Fbx5bLazvvFzdya683ciTedaKS40K8XuKQBtUEmfqfcuKYlUsthtRfP4EWaa6WYB9IshOiVB1gUbENcuRRfP5Y93HFBUKjhpRi8zZa-sLnyGkAX-03EY7lUj5Goa2vqFh5NTo6xIMI-rTQkHjmlBhHXG4y5LD84xpqna_3RHheRP6C7U61saI_ADR1zfVxll70tIBcSNNS7xhAMEReSIXwP6ceREUVNOcwZ6wgPppEtZfiyumGJeec1Fpcaob6V3cvihV3wp6NsvuKgi3FuI7avjyhU01URpnkVE7sT1JSxFkCwZyRFMDb62H66XAAQTx9TZvmx0nCfSSqMtDlDLiqPopooTgtXO2R3oXySbljCgBrmEU2KxxZJsvrKUy-pnd-FUEb04vQ-nGmbqJdctMRLfXxBpc9gC0oVmk128_y8GdlgoqTfpaCCum9l8bql43GxCVxQgTbaI-zglTGfHngfbQfSPN1Kf5fyPoR-e15Kg0RHKxBOPHc2CHBJ5RWDdnRJOd_p5NykNqoK4xpoJ7O0WNxCP67Uml1vu6yqEomfWgxkYPv4WJQCsR2GtiJkNFa9UqcsHdhIu6jEskRLYhXYOAvzJJ1XyXpcDwk5HqQKS4zLg
                    [PaReq] => eNpVUttuwjAM/RXGBzTpjUtlIhWYxq2AVtCmvUxVakEFaSFNB/v7JYWOLU8+vhzbx4HNXiKOY+SVRAYRlmWyw1aWDtrBx3vUny9mw0X8sljOe06bwTp8xTODL5RlVuTMtqjlAGmgLpd8n+SKQcLPw+mS+bbjekDuCATK6ZhtsFRrIUJ+rjKJMuS8qHIF5BaFPBHItuFnOHoKYpFI9cwLschEpjAdrSIgdQLURfKbuZ5u0ACo5JHtlTqVASGXy8USRYoyz0p1LIqDpYmAmBQgj1HXlbFKTXnNUvZ23C9XWxXFh1m0pWm0OZRetAvNGwAxGZAmCplDHYfart2y/cDrBG4PSO2HRJhZ2GQ+bnX7jkWpXv/mgpPpFN6AjpnQXxfoG0jMebNTgwCvpyJHnaG1/rWBPAYfTYziXGn5fMdI7ne6vT5txK8DhiUzelHq1jQGADGl5H5Wcj+/tv59ix/Y7rZ1
                    [TermUrl] => https://checkoutshopper-test.adyen.com/checkoutshopper/threeDS/return/H4sIAAAAAAAAAA3SN46DQABA0dtsh0QwYIotyNEYhmgaa0hDDiYYOP1u_bun_5B-Pcm-2b7iZ3gF_KZSo1Y5fDJxIvWw8gvn9OiqILm9sBTw0Qp9D8u5s1muk5-evl-w5AIetGI2alN2o_ElEyL0a0-FtrXjhRs3dUQL07AKV5I81mnPwAdRYeNGbzfw-MJXYZkHVspleknpXhgNOK5Plv3ZGqtGKpK7-G7hHj7rfUc7HHst0jjqRCn049N9i7xnbExHhp8Kc0xG2hMchaSSHnRqwWvflSs_IXOnstovcmh6N9y8x5vpCmsg9-VcZpv56oJlrVZQOjc5gpCJXgKnL9WzDgUCBalsZxv4j_SLozRFCMymmkB9vxKILdZwqi0fYzglv9guaGh1hOQ-KxVt-yNz6A8d-_huqzV9J1RarN5O2pLut2OaB_imgFYVwGFENmCIBepvXgLEVYZH17H4qguZZ9see1T8QwaFp8dfh8kKIAeh_cy-CfNFzjTJa1LW59arRlFkhDJlcEyZkMr2ugqp78TYy76ZqKaUTWfh3pxVgBMBmIY2lNnFJwzvUFrxm5xAeUgpQ2oME_O86x-cn-z9gQ9i6XnzY5U6yapnZ5zG0Udr_CQBNcanl3aNiIRPLwekeRyJsewfMzixacgxJZBT_La72KD26Wzk2foAVhkfwpRxSMTHsG8J8v4-72reoXH2ywmK4tZz3T2duxulHmJ4uMhPoY5dqPPVUhtQmbql59iEWdLl6YwAKwjaRDjQzEN4OlpGippg0CCS8gEYz_w90fbZ2vNo_oOPBvvEI_sQHYYN-o7YN-ac5bEvI3S0L2e_RYYrLoBU19pobQVywZwtWl7pG9PISwusVxW_nvx-GQYRn_GUSd-W1mb3_6jLQj_1sBboA9d6HH7hVL_htlY_0zKBoiw-xZAVv0n84EzLECxPtWzzTv4sNfqVuAu1hGzN8of8omf0ETSFH_L9nAJdGOr7YGdlkPfqax__ACmG_2GoAwAA
                )

            [method] => POST
            [type] => redirect
        )

)
Array
(
    [resultCode] => RedirectShopper
    [action] => Array
        (
            [paymentMethodType] => scheme
            [url] => https://test.adyen.com/hpp/3d/validate.shtml
            [data] => Array
                (
                    [MD] => ZlJreWg1RWgvV1kvbUpiQVdYVUZBQT09ISE-joRLsr3CiGzGFMZzlbSvMQkQJlW3Ac8GrFStiduF2ZRhmAVphQIreOVfIchdWNY4cj-MT1JqVHZU5kI9SqmJ5yD4YxnDECuNBu49qWS2ZhIGXP4YWD7xY9MG_6ND3dJPhvTqrS2azHDDYSUTzj4cin_Mz5choSQ_gCiHA-pMk37kvMJckpnaCQolX4BD-mhKVkmNJv_P9CpfKkDge6ohms0ZwUROtrukTsdvXTJ6fBV8J_roh5fA3BDaKIC0THEWKfTQ32DNvt07W6O4NkHVBIfzs-EXh5OE8AhjJwVIRQl5USb_O3ZorhRKAn-lnSl8Bomyu3VyK9-ZiBxocunRZS0z4nT6U2LpjBxLIQsxAULjTwP_W5a1xecFiAvuPC10e7gRUV67AubD_BW5uepNSsaLnM0NHgbc8gNCGHi_5q4c6bJDCOMULdyDo8EZWHusE80-MLYHs85d5_TlY0_8Tim6YmLG1PutrBvW1OOu-KxMFISc0-KiJ1cjTo59zs2yNFaIwk0ayxzUCM0aF_nawPDRKe96rZtALRBp_g_Mk7BJCsXugaKjpJmFpO8WKsPuQurUGUqBuqDUfnIbcHuSVYA471idTqkCeVIWwMStmC5omVLLxdrRzSFbeKmSC1UkIUWXS-uF6iQwbIJD2D2Qs6Aj80WScJ61UhFFIG3rSMMAvC6T-mnYfTUDrX18QC8ETM7dXhS9ZR5GOA4tEGhLzCrQBQycOZnMT8ap6Jbz7Vqetn330H-kh3mItzU1cqesy94iq5JcKmXWP-lGdGghY4J0LjMu
                    [PaReq] => eNpVUttygjAQ/RXrBxBuVsusmUGw1bZYijL61mHCjjI1oCFU+/dNUGqbpz17Obt7NrDaCcRwiawRSCHCus622Cvycd9L4qcwWMdJFLvrWTiy+xRiP8EjhS8UdVGV1DJMwwbSQVUu2C4rJYWMHSfzBR1YtuMCuSLgKOYhXWEtY859dmwKgcJnrGpKCeQShTLjSFP/ww/uvCXPhJyyir8WvJCYB28RkDYB2iLxTR1XNegANGJPd1Ieao+Q0+lk8CpHURa13FfVp6GIgOgUILdR40ZbtaI8FzlN95NZMl1s0sfnRRomm+X03Y22vn5jIDoD8kwitU3bNi3H6lkDzx16jgWk9UPG9Sx09hL2hg+2YZpq/YsLDrqTfwEqpkN/XaBuILBk3U4dAjwfqhJVhtL61wZyGzyYacWZVPINbC354H44ejA78duAZim0XqbptDQaANGl5HpWcj2/sv59ix8GY7Wy
                    [TermUrl] => https://checkoutshopper-test.adyen.com/checkoutshopper/threeDS/return/H4sIAAAAAAAAAAXBx7ZrUAAA0L95M2sRfXAHONGPdpQwsbQgeo34-rc3BH9Jr69VVBNeVJ8h0Z15MLduWMZhkIiuj_MaemKfyTO3lZRa5VZkmNx9jk7odq7eR6RQcMoqo70tD_mReM0ghHPjamtlh2-taMrIiqnig0Gf0JdQTQK603i0DDr9A1R8jeApHZZ4UPwSoUfSaMrLoeIIsFfMQyVlLECWutOc_rKiR3arAMQo8O8PVbRjCm-6aCbkprXUqgI2w45kuxPqRTePmeRO_YsSATY0RtgNln6mDi_Nb6MDdcVMzbDhyTfw7H09On8rz5evM28x5PR0nRr6LZAiyAxNwn31GRlv3yUfwDp3nI0Ym7I6NRS1971hz1dD209OaD76N9Q8t6cDlKc2mUxr4xnCiPUj6jlxGn4HGf4MHkta8ZqKY_QShN_U6DPBw5w_4mVq7nYJgfnxv04a0RlxVYXcCufhSAResbUXhAwrHDlIxYg-qtlCW2aOELfUOi-42pIUtU3phSqYXAeSDQOz_IGJeyaRemxPDsegGasbR5d06vcxnnJ-OzDxYCqEc-yreEaEbR-YcUFZQwWOGa1OFB9_ovl7e_wsOdO-HZ79rjuQIJ7J6Zh9HeAZFc-syS6YnjindQo7VtSl7XXUmfGZ9UGebS4yNudwjzVQgkU8FhC8Ry0v1AOFsUCxRFv6SydVoRZ9IdoHiZ6G0DSvcvVuJOeVMSCJCDotiF4IO2Smdb-5poMHeLgbI3w4PEKFzhBBI8uaQq4IQuGUGB8bxvjtB2B9EZwrcU8fsuWrQXzi0YotUPtTacxbWl3R_RV2MkKfy2ZGz282XKp9JElcxbqGHLT9DohiqbYfT7ULrRfG8IocrFdKpW5iSsfNDzz-teNe1Wu2t9P4l81tmh1782_eZq96V2s1FtWf5yhAihwPOlSkAu7xb2vrP4PCtr4HHY5nWqybC-hFK9yoll8vNFszaH_F1L3ZhLe3_4Bg3wumAwAA
                )

            [method] => POST
            [type] => redirect
        )

)
Array
(
    [resultCode] => RedirectShopper
    [action] => Array
        (
            [paymentMethodType] => scheme
            [url] => https://test.adyen.com/hpp/3d/validate.shtml
            [data] => Array
                (
                    [MD] => T3VWT3crMEpLVmFaN1QrQkdiQ3NhZz09IYPBL32LMOfaeFQi4PKZUTbeLG3IuMcS6jdcQDes-uF49kD7OhSkNAW3T7RtKFGl1RYxp4Ny0eaPVEKzxf_1a7nufVhFmxbDmJh8ob1r6fojdySS042Izo4hrIAt3xqFcS2woCtnOQ9BfXVwqrN-PGjY9Ow6EHDeSnPTauTGMAC4CyeisIZ4T787Jr7zezTUsjzsUWyBHFDgSZKIsn7iZv8JRCdJc7C3FzeMizV7DOyHbMoPV-lPQDl9_kJlnvRv82tjXp9bb7Ib-zNUnCAZ0T0_hHLjrtq_brpA-Y_7MYE5imM-4607jOWzgj74N2H5dSsyS_bIH5rdfbwVJNpbN9jujycVchzuArRaWUvMVMD_PxQUU4UQvgSjAK44PZ_ltOpSzN_RAXN04P3UJkxtcaCioqtom2XotsEyxoeUkOvnkg85gR2uVO7mveekBrCD6JDhzcBbqk61gbmb_4F1fYBjQ0lOhIy4f_7G-tof2o8rZTa6igx5YzGi2mnaqRtOvUKWhYh1IrsiyBe40qTal_y0UIZejrghXOuaXnrSmMSBDLMMhy2lqg4vEWDIpVeSLPeGC1_M4GvcnwMn13fWgxSU2B787N4KD9eUexHbWLpHCREZjK0vB_Uh9cHtEUPv4mY03UK9goKdP8rzYE_BoR1D7qsJF6YTmAp9G-bC4LoxrERtessZgN2s6jAlkM3O9_hC2Z0ydDHbjVbKBYTwZwdr81U6EOILoLFQdLXLXMbLZ4isuTiNAaGsyVZTOVsQ2y0aOmaYjW2uISrUhnTmKc_DuWyDLQcuMy4
                    [PaReq] => eNpVUttygjAQ/RXrB5CA4IVZM0PFqvVatLVvHSbsKFMDGkK1f98EpbZ52rOXs7tnA5u9RAzXyEuJDOZYFPEOG2nSb/rv25dwNNg+e93FdDTtOk0GqyDCE4MvlEWaZ8y2qOUAqaEul3wfZ4pBzE+PkwXzbKflArkhECgnIdtgoVZCBPxUphJlwHleZgrINQpZLJC9Bh/B4MFfi1iqIc/FLBWpwmSwnAOpEqAqkt+s5eoGNYBSHtheqWPhE3I+ny2RJyiztFCHPP+0NBEQkwLkPuqqNFahKS9pwrZPSRQNk/CN5vZy6M0iWrjzXWBeH4jJgCRWyBzqONRu2Q3b892uT9tAKj/EwszCxtOw0ek5FqV6/asLjqZTcAU6ZkJ/XaBvIDHj9U41Arwc8wx1htb61wZyH3wwNopzpeXzHCO51+50e7QWvwoYltToRWmrojEAiCklt7OS2/m19e9b/AC3O7V6
                    [TermUrl] => https://checkoutshopper-test.adyen.com/checkoutshopper/threeDS/return/H4sIAAAAAAAAAA3RSdZzSgAA0N38s5yjqUQMvgEKEX0fJg5SFKJJaYLVv3e3cE34F7BRHLAlMeXJiHolt2iXuN27cVkLpyfFa4kjGixjmHaVI8VtgKOnYVAgQ2W11Sz9W_suXYjmy6oAvoOcjf3OEmI24LxFV9QP7SX7BKyDQrkTyfq5Vxmdc8NaRVjp9wL2T3wfC5rcqrF9H75PAUY7R4CJJizs_lVKn_mN0jLYLi9Wr-j3JdbFUduEt383-QGRPzhBvgaqKUhAOlAzaykIuDv3JNyJziCc23MO40N8KLD2U12bB65Jt_vTk97PkpNY5URmc0YctI9HYY5OdPk4LvzwWff8DJu33ZmlfU18UXBacTmtcJCElAqoDD-MlizfrCCTcEkyzkzka9ObF3CjuNaOz7rlgMU8rm9_Pvys0B5X8q6KX_S0psLi27U9yqjE5yoQL4_DzYxMmDm7G4YgdLfabwUdACfNPos9-aeVecLLooDDhs9uX8pcasbvMvbMa1xm-dhHFHb2NnT1_Vp7zBrZXL8h1IlEgrcnxGcpFt_uRtdFX2RAoatEbF3qY2PtAFXGqZdlrJjxTtIgvzX1fk1OtWH6If96i72FeowTTGtkbg4RAeob5J_soEItRS2p8cte89dA_N70RWiYJj6Yz7cGmxxDbYqQbzhIlejMBOpWDj9zoNkqrnc_ZMT_kyygQx6FaH8UsTE9JE9OW53axCzEfPlY5NDZQJ9QbKjz9ai_nTs5EzkTR4-G3Hd-Krck6IWJVy-FBIxxJ7K3oHlOa4uZb63w6UzW5jMsMSl1vOGjaKNCF5Pgl_7e5E6HN9nWjNFQ3LfxMl5mYaSgmdegsYRcnY8oDexodpmDyu0-T9qYWTWfhHgIer3M4Bof0HDL1TzAv2ZYUE3ypRmHv3xqsnxd8L9pnjxUIYKGEv29YheqUvy83i1d1e_Mv7mp_zC1i5gDFFaLPLRdKB-93Q0fgwtb-MqsRkpYYcPz1bi6_wELN6HaqQMAAA
                )

            [method] => POST
            [type] => redirect
        )

)
Array
(
    [resultCode] => RedirectShopper
    [action] => Array
        (
            [paymentMethodType] => scheme
            [url] => https://test.adyen.com/hpp/3d/validate.shtml
            [data] => Array
                (
                    [MD] => amxpU25FbjdxZXNqWCtROGF4VkJ1Zz09Ib_C45j20eUM-xYH4uI9jn3tXd6wRk5VGic9QoNAVfYqADdW0fqnf-Jveu73xnLyr2XkhoMeQRt3cuuNanJfWjlpDYthBZby_N05SixicHlecuneNh746l6p4dDGtjhM5CYwhmloZS2TsbLQNgymLuDQsseWL4oYMvzpght3wLQLm4q8G5qKZI_s7a5mSUUCa7lKuyqQOs1epndes6-IDqv1ib9bzal-cousUi5HBhHP79qgCyKITZkr6FhwGDlm3cEQBV_dg_6V3puyTlVMQN8-hTfsY1ANDwEQAp_bJkWYilBK-ILaPItl9EXYBS9kfL0-g-DXeiRUGfzs7iVk6CkvtpVBp9LUwgSd5u1L6u240-Z03H_wb2ePu5FlOLxkiWExk69-0Ii0ooamjBO_XU8xTIIssbnd0RJD4i27wZDP_n_2E2Y2T4NjaTYrTfayic_wc2De73TQndN4X0JZcKDujA643Mt_0MiD9OWo1lIePUD0SXHGqdmQf21SWEZcyHtQvvDLpAfvFld_Jy-JiORPsTidWxaDGsDaxVrfbOZ4VL1PKLGJx_RzRNLX_7Y789h3Mg2D_DNkOdtsyKxw89VyFPbioQqcPBIce4UM-L3UuagqI0DerV8sBRY09_wIHib8_mhE1xJbSD4itkhXNAy3zqrsuC2Ty4ASuY2iII4niMxpZ0BWA_bNYDXpZ58JitPBoBPqUQaTE2Qgi-YupBnDG5RpVHl5EV4vd0K70LIlCwiaZemSMAo004p61oMQp1e0nRFt8Cx7z8GF8MyBd3DGFPGao_AuMy4
                    [PaReq] => eNpVUttuwjAM/RW2D2jSlA6oTKQO2LiDCgNpL1OVWlCNtJCmg/39kkLHlicfX47t48B6rxD7KxSlQg4zLIp4h4006T4GL9F4u+ltx357PnmdtNkjh2UY4YnDF6oizTPuOtRhQGpoypXYx5nmEIvT82jOfZd5TSA3BBLVqM/XWOillKE4lalCFQqRl5kGco1CFkvkb+FH2HsIVjJWeiByOU1lqjHpLWZAqgSoitQ395qmQQ2gVAe+1/pYBIScz2dH5gmqLC30Ic8/HUMExKYAuY+6LK1VGMpLmvDoMJ5s3Pf+hubuYuBPI1o0Z7vQvi4QmwFJrJEzyhh1Pbfh+kGzE1AXSOWHWNpZ+HDSb7Q6zKHUrH91wdF2Cq/AxGzorwvMDRRmot6pRoCXY56hyTBa/9pA7oP3hlZxoY18PrOS+0+tdofW4lcBy5JavSj1KhoLgNhScjsruZ3fWP++xQ+gO7Vg
                    [TermUrl] => https://checkoutshopper-test.adyen.com/checkoutshopper/threeDS/return/H4sIAAAAAAAAAA3SydJzSgAA0Lf5d6razOJbkBYhCGLedBkaHWIIgjz9vY9wqo4N__L3MYUMfy1e1ZElzhxfVv-hX7moM-nsB2SjQBeOfzEAhzZ1pDduM-TXwK5JJex-x0c6KWVvdJSoTmcFVjGo56GmzC_eRPYYrPPDJF072tjzV7bcNicfzDp-9RNM11bNihM5gH-Sg5S3HpfbgJ1W5IRemLgK6uurtflLurfvfsyeTLAUluc059vaoLcsOLa4MbW_v6lpV3a3POvNzZLOz_fMQIuY8-9nGF5ysb9v5-w9FhpPQ4UXgTLg_KVJIRe_vKfKcVtCwt_U9uaK8txczrsRZN1HuLa7Dvs3W2qeGqGqQULETtsZ9JHtORLVBvWS0ooDd81TJlSYXZySXr1ThpW7xtrLWpKqT7mrLUA1FEww8UO9_i0iiTrh0n3XKVIn2Qr35lnxG20JG8MBKgPsDe0Fg92Nv_YP6-hIrB2dIFPAIGAc8_dLfaAklI7AMJalGCrgm5AjjLhn0EUDYjQmZQLOeeVB-gnq_CQl2ksGYpENvKFyuASYWXmH20sRONZeEbAJlB_xSPcGdkMInslNn6u3VzP0M9ay8ryt3vcLrUmpv9e-QuZJmeThu0tAqvjIob7A_Ig-dfHIuMii3bulmwfyf75jJUhMRUluWbthIIJO96jW5bwfuyRH59UtyOjNpasaJeb-v2Wx4ZY3swEg_kTSovopkNFu3EghoXer0YdZPP-Xrl2bOMrJ_ubPsl2Y4OSU55YyxDC4gdjHlAE1VlDhpDCZMl4yyeqqo-rOoZcHGuM1hEq3SR2gzvtTdOt5LeK-FbiLwDL6y07yDL-ftjICwE0CPdreRGMw-NdVuhziT9Kvkn2qFQv1q6vnI1I2--T-kWHFzSdfyTj85RNB-ba2_6Zl8nGNP3go8d_VN-PoEpu85Nz1u8T8W0jzRwJU9IFny4EWC6AUU2ExCFWFHYwNMxTMnqsbx3S1EEv_AWPUHi2pAwAA
                )

            [method] => POST
            [type] => redirect
        )

)
Array
(
    [resultCode] => RedirectShopper
    [action] => Array
        (
            [paymentMethodType] => scheme
            [url] => https://test.adyen.com/hpp/3d/validate.shtml
            [data] => Array
                (
                    [MD] => VmtKTjh1T0dqdGRESHYxWUdMcGRjQT09IYVO4ZBh-wPz-hnN9q8wkOkkm0LMISrfEMtbn7HR1V6X_sU5A_cxILnGn-R9G6squQf0Ri3xZNWMHGhM3cRVq0YIMugVAViLyJD61z8VHDMkGod8dN1grBnOQygFN3t0PIN6_s2OC38gsIxyc5DrZ64zBkGDys9y-153gGQdDBHKc6B7gjgygL2b7QvUQDJCvePNPDBaCFXrg0V8qQxZkx53TDTcjEpg3saX4qFqh7y49ZPWhGT_FZPrp9CjmtRDOJsUIMJ_8pXUIEw1f1ukX4oGwO8rSdW6vdYLl00ioH8lQgVVOjXVWuIeCAV3fhQJz47lx_-dpxF69mayZzZG0r4mNyMfWNDBEL5BuZWfEELtVJbjhMDIdK_lBlhpZ6UkotAhJLtKwQK4iFeAjLgXuX2r0g1rr0RatFz7B3RBbYLyAHtO9wB_DxUNZldjlSx1PurHlTNceytEvU1IM_m5ILjveBWDq-ZH9WrMyXAjvUiqCJEYY-IULQLv0xEHgVYJtUlwQ82HnNe2b_B9Kh4GLa_Bk2wCVz06u_tNyo_TiZgC8nWbJW1CDTUlz6hljpa8D3nsLHAO0EyXcOEDN2AMV8S-F1WI2KfRLLUzdxjDGMdGN5cEJV-7XnU_pmdHKBxlhgCeRyQjHTlox1ak1ef5jGTvFSv_Z_9O1qSPsLYvQS1jCI3xM6MwI83mDyJqGby6Vh1aBgyEImOIGSsZVvQVWtt-ZlAAMilGOvQvVPgRC7eJ98iqa1lRylMLOQqB6eMKHGIQC7vKaDbzdmoeP69K99IWsFWQ7S4zLg
                    [PaReq] => eNpVUttygjAQ/RXrB5AAXpk1M3iZegFri7aPHSbsKIMBDaHav2+CUts87dnL2d2zge1BIk4j5JVEBiGWZbzHVpqM2t5mEoyD9+U4iJ6D9WrgtBls/Dc8M/hCWaZFzmyLWg6QBupyyQ9xrhjE/DxerFnXdtwOkDsCgXIxZVss1UYIn5+rVKL0OS+qXAG5RSGPBbKd/+lPnrxIxFLNeCGCVKQKk8lLCKROgLpIfjO3oxs0ACp5ZAelTqVHyOVysUSRoMzTUh2LIrM0ERCTAuQx6qYyVqkpr2nCdrN1+JpdP6JsGe5oEm6zshPuffNGQEwGJLFC5lDHobZrt+yeR12P9oDUfoiFmYXNV9NWf+hYlOr1by44mU7+DeiYCf11gb6BxJw3OzUI8HoqctQZWutfG8hj8MncKM6Vlq/rGMm7vf5gSBvx64BhSY1elLo1jQFATCm5n5Xcz6+tf9/iB5XwtkA=
                    [TermUrl] => https://checkoutshopper-test.adyen.com/checkoutshopper/threeDS/return/H4sIAAAAAAAAAAXBybJrQAAA0L95O1WEGBZ3YQpNm2liowRpc0wRfP07x1L-0LCZYVtTIVnOpeargf484qi0Cs1vvZAUwBM5TCrVxM-9iHq0hZn_dU7XDSS0QLC8VWt7jZzuU4hNsjW6i1lxADhqI-ELGrvOX-9N-g19pHZs6Vpt0YWPZvIJrC9GImrgaSgsdfFIV6xO-5R8aVN4kUbHO_HDpjfSBTabrTdHpnm8guMs7sqSsswldZpyrsJJUHcaa16pSLpZsBKHW3xieHtx3h55iiHvlWu7ipTLj2TBJOJn70i7406HSli06oTpNU-Y-THX3MkIqRvXWpg9UneZBLkdNl9xjDUClpHxUxIB9Ue9qW-XMB_t5_BLUMbsXj5hT5LNR-d7DyPktAmKv6CSRUS_a8-4GK4_MqKcjgcrDPmZXqlGLsxgn9Y7thVJhXfpm8ZvVYUbMl5tbSmgNLNe6uspZaPus4m1ATfz55lM86jEFuLkm9wWElPLQvr59rg4ifal1xOeor45wk_KlCOy075s--Cg3O-i96FdVOem7hEFrGy4A9julRQrM5HqQrxYZyK2e9TMsqE-nwSIoAd38lB1jJ7GFvU_j7_po13dXpkkmDWjwTyTuttPRhfJfrPNPj9Z2KRY5sf4ZcSUrIRRf7F13045r9DjCnXRIdUzKRxVsW-ihfiAeFAxuJlvH8LoKo9W0axSs--FaiCCS8Yom4ZSN6Wjr7Fc-afX6mH_Oai8o6r3vdXC_RHsWZoJDjUH7gqfuxdQrQzow2KtH-DpQTmNWXudLKqpXMKnCgYHaMGaot1D8bYRaS-KVtNrzu7tyMW-zFWGwDdzTvX-2VvQ8WaJrSxT14Anc7uZK6-rHD6VywqmIIB4fcQeFzAXxP-acavwkm_NZ_zLpybLv1v9b1onv3pXSzUW1Z8rQwkiQ4KBBm2Tv_1bG_yn3nvjydlJ8Js-nQ_XFeFeKxAz8C1Y4IeYv-ZRlcQd8MV_h9wcPqgDAAA
                )

            [method] => POST
            [type] => redirect
        )

)
Array
(
    [resultCode] => RedirectShopper
    [action] => Array
        (
            [paymentMethodType] => scheme
            [url] => https://test.adyen.com/hpp/3d/validate.shtml
            [data] => Array
                (
                    [MD] => Z3A0WnFUeG00dmNBUE9zcnNvYnVYdz09IaAc4o-HTEAue7JnG9YrpcQ8g57fRQDWZXURvxEt_quqfmqjR9PD2Kusrs_bnW30LjoXvZWLZdXvtOAEs5NJijEZRu9g3zY-znNWx76iQbqEolQjCLx98c5u9DX5z1dihYYfyM85_3zoVdBVan1ahGgd6qwOHjXzCgt5wJYpxpneaOnzDPrMLvQkXtL2RQz4BOaL6ouqZZ6YQfWLPKkpcNgh_xFZI7JaoYYT1jZVjzUHo2oo9v_XRzKcBuYL2s8AgSxtmcaj8COKzMdfAzkN0tKY4vuzkDxAkaO4YKo4dWc_FKPD17y7FNTIYZQ_VQNDG1jTfeXw2ADDxYzBxeqXGfTRDI1-9cnFChK0lWuHN_3e5epoZ4TcildQUkh9yEb5aqNDg2XTtufZvScdXkbx0ZkNswgBMhBk2LQu1wpP4Jwp07Gg0QW81fCZw5NJHs6MTGtPdFGDgJle7lXkeY_tFS6N-wDktEllb2Baa8_Z6g_CC4rx0gg3ODj7pX4xZtDxhyaldnmr63kYW2oPeKw-N9CqrDbn5wIW5tQlLM0-ylqyhKVjKIZHVzCWvH7pd_5nnVemlcodL5vlaYXiMPebM2XHoXcGzohz4F4ycw2mjhqtw1tQwhxmZ9B63cpR1cuPvuXpM-2SsAC2LdQFBCo5V7rm73UdtNeB_9koRKp1bljpgN025OwHkM8041tJn7X8zf4W-QWe9A-teQQTrIoV25b7YV1sowHzwzwnB8MVVtlpxesAd9fcterN06ywW7Gnz1OhnJdztAh8Z7_nw1EeDhBijy6Xi_IuMy4
                    [PaReq] => eNpVUttSwjAQ/RX0A5r0ApTOkplKGWGQy3ATfXE66Q5USQtpKujXmxQqmqc9ezm7ezaw3EnEaIG8lMhgjEURb7GRJt37YNYZP776m5G7bm78ie/cM5iFczwy+ERZpHnGbItaDpAa6nLJd3GmGMT8+DCcsKbtuB6QKwKBchixJRZqJkTIj2UqUYac52WmgFyikMUC2Sp8C3t3wULEUvV5Lp5SkSpMetMxkCoBqiL5xVxPN6gBlHLPdkodioCQ0+lkiTxBmaWF2uf5h6WJgJgUILdRZ6WxCk15ThO2ivaTuZ17z/3ie/2+fpn2PW+8Dc3rAjEZkMQKmUMdh9qu3bBbAfUCuw2k8kMszCxsMIoa7Y5jUarXv7jgYDqFF6BjJvTXBfoGEjNe71QjwPMhz1BnaK1/bSC3wXsDozhXWr6mYyRvttp+h9biVwHDkhq9KHUrGgOAmFJyPSu5nl9b/77FD/sttdM=
                    [TermUrl] => https://checkoutshopper-test.adyen.com/checkoutshopper/threeDS/return/H4sIAAAAAAAAAA3QR5KqQAAA0NvMjipyWMyCrBIUR0kbCqHJdhOa1Kf__x3hecZvyql0BK03sGm6_Pra21RIAf0tgWFSElq55mrBI-ryMtUVSDdoK8k8FoFcC1L1DIwojd_P7TBxNq1T9Z26p_IwWGdd5iX7wIij3Q7FWxq5aRlv-K6ai-Df2s5Mn6tScyShCPSjQxLb4DOZaAg63T0UuRBWxYgFwpRtkyTV6clCxhEUllqYQyZv7LoUp_1-6WKi11jYb8l4jBDkd0iMx-y5W9DH2GWfAeG1e-6KaJ3SVEyCKnIfTj8Wft1kh5VepVuOkuTFdGnYkfcFsQgpWxY_iVNoa-Kyi6zWfwf-Fnkn63eHeGWlkt6nsZPw20p641D7_M4nDuLLqMgs52Ew0ilZ_uuapEEWBr5hM92rAvHOqoZxJEQ7wBTb1etpXBlKKaClNw49ROvFzzgggBGl_KtohzJ4941ymh8hn3yjZuMXXqt0-yvKuP8cdNr7y15rXqP1rBuszD4--Ns-0pJd00EkM5We7v-fL4vovWz8KC3bqG8DkIa4B0mGrT_Rp3ajx-YwfFgtz-UsFetM1_n5oOuauxudNMb8kWLjaM58KOF3Frk-iVj0AM5O-Yo-zcYHCvs1EnAwuB5NncN0Nk7YOdf0EhI92i7SWGYChCH4DgUqXWEb8iRuvQf4eGx8QXFhE9QQ3uLPYme_XTPhncHB3hzfVNFErhifTLE-tjUePYr9W1SddcvA0nQkhNL8lbh3iX2gZUqPns7IfIZurH2aFe77pfdkmmfwDUqxTCo-ooIIKCqFQRC85isKWeEjJSGzoP1CdrJDTfbCEA_jARa1VKoCg9mnxXOPJBsS5t7AW0mw2siplMGdMYHRaG13inGbXVfv5H9aiEE957hF8Dcf2yxfcfMzLuMTVGAGsAC_D8WzUzl2uFCIZV9mf5a2_l3RKKyyYPWEKtO_unwvn8w_KNOjsu-JS6GQOK45BJM_-H9d4dsHqQMAAA
                )

            [method] => POST
            [type] => redirect
        )

)
Array
(
    [resultCode] => RedirectShopper
    [action] => Array
        (
            [paymentMethodType] => scheme
            [url] => https://test.adyen.com/hpp/3d/validate.shtml
            [data] => Array
                (
                    [MD] => andVb0ZxaWUwWGh4ZDdYR0M4cGZHdz09IaO6ArSqc72Bks5aRZaS6m9EMBaZfBps6MgNirKmhG23rsT8wBkZ-UpGa3D1MM3PKIfclDKPi6YH_dwOuEoMwtnGYqiF843FQevSR1992FOyGEy66u7aByAWzue979PmSivaSuRYy-XtBDdPWAZ3HtVMdLLO6-I9jiSNgf_UwlKBA7jBANc40RZcchWZkGG5mBPY_Uf86mClwEt05kVBR3HJXv60Wawf7qmmy02EGo-ssaKbnZAGt53kmFipL-XkQDBEZBt6HBylQ5d9lNrCBM83jMZkH_5DoGfOSk2vBeccp3lI0eyLJ-mbixprS0IUyl6ahNGt0cRX-1cR79fwlPLNtBc1F3pSTf8AkVd7nJ_exhgLX1iRatgLDYTRLTf5OlK7x9gNo95avVIYRagW3UJTdBBSOWrDFyJBoF8kRjY_g0LQmF8kAqhywPevO4KvKDYqa31bQL7mEywGH3os43oMBPVNWh8vTWOZ_PRuElmNsp7zYKYGXylWo9HPWsFhT_3QAnSYGtA97su-6l_l9B5SEFkoLTbeFpiuaKnP-fXnAhEtTIjcklNRBL4GVk1Su8eKX8Dk9Yx7agkhYlnDl2MiUS6tX-sn1AGhatqveez8-KCwWFXKYuSoD1aLLhMpPa5XKTaG8_EY9vh2nlCN4lc3Dl_4gBKODnoCJ80T4NQn-rPV5HA6FXmPdI2ZuevAH0L7n-GoS-3bPYWUr3Hpe9QRf1FXwP4We50Y9mC-RZKAYp1w8ytDGDQO78IhiF7UX2luC2hlwGmWIwMjOUs8_Zr-UgXZWjsuMy4
                    [PaReq] => eNpVUttSwjAQ/RX0A5o0bbl0lsxU0OEiiBZ1xhcnk+5IlbSQpqJ/b1KoaJ727OXs7tnAeqMRxynKWiOHBVaVeMNOng0v4/nVavKcdqMX9vCyXPbZJYdV8oB7Dp+oq7wsuO9RjwFpoS3XciMKw0HI/dV0ySOfBSGQEwKFejrma6zMSqlE7utco06kLOvCADlGoRAK+WPymowu4lQJba5lqW5zlRvMRncLIE0CNEX6mwehbdACqPWWb4zZVTEhh8PBU2WGusgrsy3LD88SAXEpQM6jrmpnVZbyK894Smf36U22Xr4/icV2JtYfYbh4S9wbAnEZkAmDnFHGqB/4Hb8b0zCOAiCNH4Rys/DJfNzpDZhHqV3/6IKd65QcgY250F8X2BtoLGS7U4sAv3ZlgTbDav1rAzkPPpo4xaWx8kXMSR51e/0BbcVvAo4ld3pRGjQ0DgBxpeR0VnI6v7X+fYsfNNW17w==
                    [TermUrl] => https://checkoutshopper-test.adyen.com/checkoutshopper/threeDS/return/H4sIAAAAAAAAAA3SN5KjQAAAwN9sRhXeBBswAgaEFUaYhBrhxWCEFfv6u6wf0Lbyi8by-SKzL4qjM4Ytmyll6pM2W8BML_9IyUAuLy_BpxBo0K8c8jMU8IOk2gBlNZhX3m6cbjGHFtLMsobiCfqMiGaIGIWybcYzjbrAiul1fKrn5enu6mSf2wjTT6eJLKM9qiPwKUmiNfeC6sXzu4DAJcd_eyUJkjcE3YGC3U8vItmAUnqxnDH69rRLy3J5wpDeXeA0dR6d2ASy8AayU7CknxVFG2c9hNwAvDSPapEfbvhUN5Lrn8Bn9Hty8GSMzlr4DMNF0iqciHVF5mvMZLhxTD9o3WwRSf9QgJqBjdfBhR9cKWFnuQFbZN521us5p0ywdoOePkBVFDODDbK6rDsxvLrvvASkEV2YR60DN7LwE4IqfEGqT-xZzgYKSmPmIKxFuX-WwnjPq2_bWAnV-WhrLCUNfSusORebwldqnEni0PE0Uh81MRPdwxKAwI0XRbvuYNLE3n-neUNaj-G_5U97nV51uKx5mEr6QQz1eljCoF4n1JlpZZnJBt7TiVvxCGM3yz1_V_HgrLPwl5opTC4cT5LuxavWhjnzkMcghZssCetO8DjHEuACVesnK3xV2tztyBw9ok5GuVW30HgXPXZ8YLHw2VPBLlZmIiq9lH4F1PRtikcF03YXBfyWEOtIybBF2-eoqj-RMG9nrCVmugeTQiHLau3ZQ1xihgiKuZpKR0uP-OawuGAUnLMNMF1lnG53kQxZ5zESi_fkdJnXksErDTrbq0PWSUsYCTgFBPPy0jhaGH2upIdfU1pyemxccWQqDTfCz0w5nalTvDYFKg9XEI2204QoofF-o1t8wiE2TvvtRquYZwsRNUkWv9fdvtifbtyqZkFbN42_aO5ytG_tz7zOflVXSzUW1a8JPD0OeC6j_cxxRPpn7Zrf_5Ps46UHrbJHjIfG_evDw5y2OzePkKdFy1pHRbibhjr9AwcM5m-pAwAA
                )

            [method] => POST
            [type] => redirect
        )

)
Array
(
    [resultCode] => RedirectShopper
    [action] => Array
        (
            [paymentMethodType] => scheme
            [url] => https://test.adyen.com/hpp/3d/validate.shtml
            [data] => Array
                (
                    [MD] => R092cmZHeDZEVjdxTUxCR0FQbXl3QT09IZ_XoF1GATYqplxwpg_Fo-pZ_yT8EUqf7EKu4A25Es3acVBdBQQHUZRRefAsI3jQaHvEJQ3ldzLVcOXY4163zrkjwHNsZTO6aZQqCHtPe47HGXFEgG66qjDFSlNkmLrU3mezp-6rSDO6NS6sbHnZG4XpGL5S0iOPPYkLOoOcV9ceiFZc5roUiArtUTDhBa7JJ25r_3SuCj2M0VuSihwGa8oLOOnrbRqGEyeAHneUhaJDkw9CSm_jEe6Y40Nou_B6rjx5Gu_0jhCuJL4hle2szeJPplcdXZ7QFM0__TuElpOMREsnNbb61TZKpkupiAuvF4ThQOUvtwexqAcY5TFx-egkL6eP3hhN7jdQQNJpqFYZf5PxpXErwQIO9pXKn04Mr00FTNbDco7kjqsfec7F5UNH0Zt_OxkNSaszFZOaKLxNdEO6YDKZhLS8wWi-HHz8BE71E3VUZoxSlIBvWjYXaJNMEo-NoUUGB1GZzihnL6Y5s5hdkR6RReGv6pBlzcN6EfyiUkVpJBnEGyRdA0Sxp1lb5HjLNI0HeW_fdC2TWs0qasnPNzBeX0o8kbT7-5t2GWsfy7tqZnCnis82RyCTsA5evIdQ3zhAoRioxS10cARrON_OjoaRNf9GsP9W7_yyV2aFb9nIcJ3xjY-OFmO7RPPZV5SqRNUw1HAtZgWJystzSLHp8t5TZuU-MKTvbqDAcw82pVMImiMUNTaectLrLESG2lDw0XAyF7ewKPSG-JGtrEgrk750pvqlZMQCOQ3ypKgpcyAnn8vot6tf-ukaUnmSEO_MQi4zLg
                    [PaReq] => eNpVUtluwjAQ/BXKB8SJQziixVIglbiPQno8VZGzggicgOMU+ve1Aymt5YedPcezhu1eIoYb5KVEBnMsiniHjTTpN/3FbLKevrdoxxu89sIubTJYBS94ZvCFskjzjDmWbVEgNdTlku/jTDGI+XkwXjDPoW4LyB2BQDkO2RYLtRIi4OcylSgDzvMyU0BuUchigSwKPoPhk78RsVTPPBezVKQKk+FyDqRKgKpIfjO3pQfUAEp5ZHulToVPyOVysUSeoMzSQh3z/GDpRkBMCpAH1VVprEK3vKYJ2x6u0yhSH4tw7C6iydsyWrfmu8CcPhCTAUmskFGbUttxnYbT9m19XSCVH2JhuLDRNGx0etSybf38mwtOZlJwAzpmQn9doHcgMeP1m2oEeD3lGeoMrfWvDeRBfDgyinOl5fOokdxrd7o9uxa/CpguqdHLNlzvAIgpJfe1kvv6tfXvW/wApJa1qA==
                    [TermUrl] => https://checkoutshopper-test.adyen.com/checkoutshopper/threeDS/return/H4sIAAAAAAAAAA3TR46DMABA0dvMDonQs5gFhBYCphPwBhFiesC0UE4_c4MvPX1L_vXIK5V_oI5kqETNew_C_eaRqvuKO9oNyOsdpvGgXjQxSEbc7RsuU3UgMEyPQFDCseCVx8qIFKvMdJZH0ltyXT2EnocKcb7TjZvpX8Vw6e59mlFuxwlz4ehzaptNBzMMbC6D7njTFwcxvK7FqlJqHDc2sup3oP2YU0h_0IkJbvJlmwM-N7_0HmpMjDWT9cnadpykNe3BzqNrjmoV5uw0hLU4LWEgV1LGGwbFTintr7eGssho9etq0zJhMG27n17eqCkHEvUehVVmyO12vfmftFEQlzAkGNZU4qZmZ7U1JZvqthomU3WImk9kOLjL3zHkXdUi0zRYlQ7blqfMPXi9uEsAH7hdcS2uX5UJKtcOv8uG9lHMEzZQdwKVrckhh64qwDdv1wUGHtUEFqyz41iZNvduX3H86EnGmkhSDcBLzge-bca5QDmvsiHQSbik9t4CP5tPFdrZw9zBW7G5RH7AyvSF7VkTun4KksJfFDoK4bD73V36PpskzgxgKQMBhjDUpIsGz7rqTS5hZ7Z6tx73j6d9OSx1Zw44pTjqsI2wIfWKdnhvkfR3fOlerN6Y4E7q6JkW7xsVPGdyzObeAaeEYnIQ2lfAE-xCac-5OPhlhP2tr2eB8o5bMIss-t7fLn1W4uDV_2UXMhe9yQap3QyZB4qrNjvXJ58eR0Rl6uva33OD3puEsNWPzXuOAyPWHz0QbhddXGD5NI55OX1Tx8LCBnANCesRfF-jLOabQOHIun9qKwRBhvLFnEzF16hO3shYPFQebQ_H1whDWyalnFqeJfF37KDl3myXPvCjxPkh9r3wHRZuKYi1zcL-4yt2ark1c5rlT90vqJyypR763wzXabYu1Q-e8f8DaEJ9jn6BabiPmKF4VoquskD9zHX529PNl5mgm9OxcACNeK6BT5aBtDzGAjKhESfCxxTSTo2TPyXgA8qoAwAA
                )

            [method] => POST
            [type] => redirect
        )

)
Array
(
    [resultCode] => RedirectShopper
    [action] => Array
        (
            [paymentMethodType] => scheme
            [url] => https://test.adyen.com/hpp/3d/validate.shtml
            [data] => Array
                (
                    [MD] => UWZHb0tMSDN2RGVmWDJlaTdkZTNuUT09Ifea-_S0EV84fWZJN0nCWuAtyFg_cnjsrb4AUiJJnu62wxEdLKZH_I-V2QLPQM4rCYCkxAK5TamvqhQj988qDqo9ro780u5bc48IZgUK7_ZA14FZjaHZ105SdrgEWj8OAPEBIlM7b_xvcfDjx5hN0tpqIV1OlWRP9xzBIvRxvaQhObRdHrjlS_R9xCGHmN4F1ZKLevpbUqRSCJt5RmGkQujKjalTQr1T9UbV5fF6lie_aLB1lJpBOYYdJNDNr7Bku3uZSpVRyv9qsxAhN4jShOPemENKkHsagZ-TfT4tdgt5WssQwujLTF19hxdWVtKoCfO9y0ldI19rs-BIsZ4nm2z7HGRj_T8Wxrv2XofW2FJ76lPLee-omBzBnH_1eMQhnbKs59ZUyZ8v1LefdZgaM082NEFGD135mpyOoaYem9xXp13yFvEZeXbzIAOdA9R71PGNHJVMMppflCXUL_DE87SbGVPx-v9gdu8SdaLiTCV2WaY3UkXRIg_tBjke-67OQoWJUbl3dVtiVGTrU_oTmTU8DHB9G8ujQBnUQSaYe9uEOGVhbJBz9VnN4Yb3ojrECfSZWL9cfD8eL08Jmg6DeSJo73Nl_WUXEGZCoXF4nQeoG7QRBy4jwRgYdG2czNFFzJa7kJUOk1sGWqz58qnSL1oUkRaECeol5ZObcZdU1qXuwh7OkCYhnMfNuHe_7jbyKSTdft4a9H_3EvOo6qeSsiYSUQ_VwmSue45NFQWs6Gw668s0m0FhczNtCaF5Ur4JIXz4KJnjSvhgCzY-pEZCnD3e0_-noC4zLg
                    [PaReq] => eNpVUttuwjAM/RXGBzTpjUtlInUUDdi4w+BtqlILqpEW0nSwv19S6Njy5OPLsX0cWB8kYrRCXkpkMMGiiPfYSJNeM9iNo+5Ld7GczL3tMOo4TQbzcIlnBl8oizTPmG1RywFSQ10u+SHOFIOYn59HU+bbjusBuSMQKEcRW2Oh5kKE/FymEmXIeV5mCsgtClkskG3Cj7D/FKxELNWA5+ItFanCpD+bAKkSoCqS38z1dIMaQCmP7KDUqQgIuVwulsgTlFlaqGOef1qaCIhJAfIYdV4aq9CU1zRh28FpMNtwf/M+nm6i5W41WHiTfWheD4jJgCRWyBzqONR27YbdCmgnsF0glR9iYWZhw9eo0e46FqV6/ZsLTqZTeAM6ZkJ/XaBvIDHj9U41Arye8gx1htb61wbyGLw/NIpzpeXzHSO532p3urQWvwoYltToRalb0RgAxJSS+1nJ/fza+vctfgDL/LWe
                    [TermUrl] => https://checkoutshopper-test.adyen.com/checkoutshopper/threeDS/return/H4sIAAAAAAAAAA3RR5KCQABA0dvMzipAEHoxC3IUJEtvqEaanCSJnH7mBP9V_bv0G8ZQy4j17ks25alRH0tGh4K8hYG9hQEB9AKjS-oTcsTRRQwNmxjEeOPXr1Kmr6FZ5ozmw9owhu1GfQ45t0yopfololzr4d7pWUzE9uBNJkD9_q7cBnDcW3qPYB5ZjtiY7EVzOixDk00hT9IKbJAGSYLx87mU44Zz-Ics6N2dzdJjfxVSczCVTazTW49Ip4u9BzhOQd-9Y0du5WRers1N56ceOERV621aIaFp4X3Kwrfni8bKeL3aultjNqgL3JkMQJhFTKHcuhqnyBLIzpgEJ0lyw5bsmRXa7bpBf4q87w7ey8FXNt34lfPAvWybrbagEl6CIqDXvFyZeFncz9ZYgUKC6sjjaDVHsXDAl-hynQTzchH0BdJDT52spnpNGnDxMe_UcyxiSjHYW_ewML6MvXAKg5aS-O5WQ2YuDIDhF3I7aeEihyW6Exxly4oqkVemn77OiBLcg-M5kdevsssQP7NT552cBx5LPlRbM6L7fZqKTnyGVirJHOtnavQ4Ljso843zc2TVgRhRMUquYfv09DJdhabFlxvruGNshFl3zaO1jtRgDtMx6IOQkzQBqNzWuMIQuv4_AGyyo0ZVZggniAabTrLr2MyyWPgwtsD_Og5bBGf05U3CvjGyV7tL4_Apq1Acnwo9uHhUWdcTvnTz8cokV6nXaSvKaSC2NUKnJRc1fp8M9x58ixzD1kOyiMeOgU72gnlIvp_bp2KdVkyq4V7Ym4ZTtsm-ph_kxUojoKVXeXfG2xv7S534oZtGn97fMM3YihsvN_Vzu3EL0RNK9R9eRaQw4Uwb-vOkTWNo_L0qxTO5TDIUB-mKifQyjCJ9WuVPPay4nNFaj8MvmuoUbWv1My2Thws84-GFf5-GBFTgevcHHWsSR_0sdfn7-MiXtgYdVyWmuashs_ENn20PRzW0ls_YM5AQg5K8EpY_jG38FKgDAAA
                )

            [method] => POST
            [type] => redirect
        )

)
Array
(
    [resultCode] => RedirectShopper
    [action] => Array
        (
            [paymentMethodType] => scheme
            [url] => https://test.adyen.com/hpp/3d/validate.shtml
            [data] => Array
                (
                    [MD] => RUQvTFRYZERvWHl5b3c0eXMxa1h2Zz09IVI6-TnXAcQhbntG2MgSveFpAuhILLGgxLWV81ZT68KqjtyOKrYKVayMzvzOaRs5u9Lcwlkk-gY97gw2SDZm9qnML_XE5evJ5bJ6cOlSt7veE26yjI6_-E3QZXGFsjqzEWgslgpi_rXyIfbhDYK9An-MquzJcM4oheoWn01r43KhkwvwWwiW4lM73gqmqpS4SoJQxUsvHRe8cvByla5lrRx4LffM7CdyweQidkmTvCPzhN4I2YKgZTHdigc-qeC-9swWW4v0AKcmbHoqMnaaAi-imwrKscdQpQnnz6KN9BMM24EvbiIazJpaRUtUSnKuiKCXLlQIyV6X0LtBRXza0Iavjke6z8pm7BJgsjXRjNNxqLRO0YND-d3So-IL26Qx1G2Y6U_K_-aPUHn57q8WPaNHTxPs64xHwacv5nP_kgufIkTX5cRsvNf_0l9tTRgGXgAcrSDcBo-L6BhMKGM2Rsi4qO4DcHVq_IettlARx_ouFJbxGWvUFLIOrguVRGkfyp9YzlQS_j9o02r5Rt_YPZH2zYCjxoQ4iODvC_ZEKE_NqlPBvW660x9eNbrzbCCg-p0mg25rmiPkqC5HQLSrcqBiBVQtpwCqDTcku3mHKpfiKswahFbVnkibdjlnATQPN3B2kFtcBYkSuziJEeLiAJiv2zk0k3ppNlmap82VMAw_IKhPr3uxBIpO_wAjumFZFSAU72FeV-Vcur6H24vwIq-MioLKCS0pLO9tQ7w2ty-5CumH3FiKA946zGu5BFWp7Jg1NAq-8yncBGLFZsTramMcp0yYziG9LjMu
                    [PaReq] => eNpVUttygjAQ/RXrB5CAeCmzZoaKFW2xitr2rcOEHWVqQEOo9u+boNQ2k4c9ezm7ORtY7yRisEJeSWQQYVkmW2xl6bDtTeJwFD0u42jhvoXBwGkzWPgxHhl8oSyzIme2RS0HSAN1ueS7JFcMEn58mM5Z13Y6LpArAoFyGrA1lmohhM+PVSZR+pwXVa6AXKKQJwLZxv/wR3feSiRSjXkhnjORKUxHLxGQOgHqIvnNOq5u0ACo5J7tlDqUHiGn08kSRYoyz0q1L4pPSxMBMSlAbqMuKmOVmvKcpSy2Z9MltSeb19l8E8Tvq/HSjba+OUMgJgPSRCFzqONQu2O37J6nr9sHUvshEWYWFj4Frf69Y1Gqn39xwcF08i9Ax0zorwv0DiTmvHlTgwDPhyJHnaG1/rWB3AYfhUZxrrR8XcdI3u31B/e0Eb8OGJbM6EVpp6YxAIgpJde1kuv6tfXvW/wAe1G1Pg==
                    [TermUrl] => https://checkoutshopper-test.adyen.com/checkoutshopper/threeDS/return/H4sIAAAAAAAAAA3SN7KrSAAAwNv8jCqEEwQvAIQ3whslFIwQDN4O5vS7fYa2Xn9e6KJA9tKP5KFY7eiCBHiZWGf-qInPjXNapDFYMCQ8cOti2BTCqnxUyhO_15ppKtVpxhH7-AQMa8zNdr2NJTWi_LJudL9zb6V3zgRH17ZYlXLP6iD816fn5sEys0SiS6TThc6Ad-dvT1RKBHM1GpNhEul-EkVem_mW4mrtqglmS3Jpv6J-pQbHD5g177cOLGqsyzEe8MdCkUbdHuiIDxhTnfUkq7mfJ5_yR909wxWpXskCJFxdTneLd1Lm72c9xe91lC78tn2AROeubUojUqP6BOoXVgCbSxHj1iOOKYTzBugLdZytIc95iMH-WIwVfN3JHYabMWxOsCyCklABtfzWp9wLt9AfjB0aYmJ2rnZFTIKbm-Ald45rOWrakrnZqX8KerU2idfY9jmb3htP7Rf2Jf0R00yCcc-HQqRMmBkZljuhOtDPmY2d3FaD01kZ6lSPHCB6cLK22n9aGyQ08FZk_zK847bAq5Sk4sHiv4AwYiYj1JahWIS3Qmp-Uy-gRnOmldvW8d6ZjbusF6cSo1A2tfdS7ZGntL9r4tK7c_2s4UacWGhvy1LnoxJ3Kjbn6FLw_UJi9pEMKbPnzhFQzDD4yZV2sdyFKFbYhPcVQS89dNpZpFXX9BcwC1CI3G06xPkVgHYne9WYftBYj7yWi2hoYfFtuoEPXMcmBaKVNyCkrb_fUJdKE_I6RMTd4i05TXbX5xNLRBZ_ZJpROwu5n4I2vbODb_Ze_sg-Hz4JuYywCOwLoxIUOrQZs-BoGqKPT-ab29znQWwXRot7r5IyNHiOYm5lpwU5np569bD5GWOvAQiKKX_WYMl7C0z4ld5Q4czG2v_BYSurJd_gOPzl_1_N963-N62TV_7KpRxA-ad4qmjJrmc5VKy-WOLfCqu_4DGPl95mhosrEtl3VYI4ShUc9gpDyPJJqX3ZX_JKWU_6Dw3xLBGqAwAA
                )

            [method] => POST
            [type] => redirect
        )

)
Array
(
    [resultCode] => RedirectShopper
    [action] => Array
        (
            [paymentMethodType] => scheme
            [url] => https://test.adyen.com/hpp/3d/validate.shtml
            [data] => Array
                (
                    [MD] => K3BYbm5PY0x4WFVWaThNMXpoTU5Odz09IQTP3PzgBDxxLmtmAJU5BrP5OAQmfH8Wvx0yphVM_t3w15bFqBc_EJfNlz87DFGO2gBxcZ617DMX-tepF8N43JzmRsAriJ8FuqoZOXLTfHZP-v-SmdiVNRbynXLkDYO38B5taST8pU71vGBzEN8q5KfG-frhIe7PEci6GEjHbPuMQ_I1ly0cnElOLQzpTSp6XQoMk7BdzUAOYoPAny0-Jbjx7ZAV-59JN49KDPslAXVitu0GAKV8wIRZCawUKaMe4M7iGjPAzH7IlxGKYeiX7LNNIb5LwerAIYWwvWV82K1dDvvUWGd7dp7eQCdKElPN1T371AEk5I8CgYVEsQHVOA2kkQYX3-0YSmPxOh0RvIJsRUm1cKPcacycq2PmiZfgc0i5kdJPlyr12h2p8DR3DwFXRUMx0AP5jJuF0IXxFbvWMg102G4zGPYXzTWeKGqzzpmDx5mykH-7XVSHOhty0-32LYUqpQHUYrtuLKqD_nldUc98teKEhqK5zX-Vw-1lvO2xbOmLHOQcbQCRtSiwVgzZwE5BcGgiHVqMlc8S81tUbT2K9n7EQK7ytotMwBih4ouNnr_TkmoY4VYU7wDNu00DW3fL66G-ZNpiH-LhHx_joOYbC6Ta4zAxXhU8Doju84GCyYuM-NNqVP9LaPfA292DAt9R68ngK_C_ZcSdof_R02MMozXdYNJnnmgz3-xp_3lh1605bStj4CRItDQQCy_zKPtIVXv78Gva8u1mfKQBBhRv-pWwlLf2XAeqMwPMeBuaDPwfdpqXIGMwJAOjyakEnxErahcuMy4
                    [PaReq] => eNpVUttuwjAM/RXGBzRpoVwqE6kDNBgUOi5D2stUpRatIC2k6WB/v6TQseXJx5dj+ziwSSTiaI28lMggwKKI9thI40HTCybhx2Kze3V7i9nLrOc0GYT+Cs8MvlAWaZ4x26KWA6SGulzyJMoUg4ifn6cL5tpOqw3kjkCgnI7YBgsVCuHzc5lKlD7neZkpILcoZJFAtvU//eGTtxaRVGOei3kqUoXxcBkAqRKgKpLfrNXWDWoApTyyRKlT4RFyuVwskccos7RQxzw/WJoIiEkB8hg1LI1VaMprGrPNNnnbHdztO83t5didr2jRDva+eQMgJgPiSCFzqONQu2U37I5ndz27A6TyQyTMLGwyGzW6fceiVK9/c8HJdPJvQMdM6K8L9A0kZrzeqUaA11Oeoc7QWv/aQB6DDydGca60fK5jJHc73V6f1uJXAcOSGr0obVU0BgAxpeR+VnI/v7b+fYsf+XG1pw==
                    [TermUrl] => https://checkoutshopper-test.adyen.com/checkoutshopper/threeDS/return/H4sIAAAAAAAAAA3QN7KrSAAAwNv8jCqsGAUvAIEwgxm8SSg8SHjhT7_bR2hd-IMUH2U9gyL8pIO3H6RuY-jhNLoeYxY3_lQsF1HornnhPLV-7TnVY_gFMSZn9ZUMgv3Er6nx9WSlDoLJ3jOfJ6JaGd0NWOEtmWTNn3n8IFhBD7G1nN7AoCn17u0ft7QqeG_zGJuh5lZyjLAdc_qi9Q07u4ZQ-wqRSQGeWVPHBZPHErvE36IBZgZWElYtjVKySMzbhyR-5AxtupUoRHfh-SB2pmbdk-tMj9Aa9S_LF7fHmdGIuOHCMTX7nGzM-RjzVA36CQX067jQb9cNlzjog0Ox41d6eDDVS1pnW-mDuFtmle6UYFS2IasZhpIx2lEunBIFxx74gIREIey7F0gFW0xsab0KKHbIIFyKJTjxyyjgVUe--LNk3-TI79eKQgrDI6dHp9ng9q6oP9vriRyiPM2vfCZR38ZVneMt8y1U1F0LQTbkBASbEo53aHv6iXOI-ajbG1fC853tgV4TOCnRt4Si8HaDEkrzfU-9cDL99ZUxNvQd2WzW_wcoUou8ebJkL1rWTYOzkAxd4eVPsJZQbGbI3CHmHxjR7SZ5ZmavyaaVZ9bLXp328Os7PkSGz6W6lf1Z73LgAGL1MpeEz4EVLche67jqB9829LgZw5K4336MaD_y2EMwNhwXAqrSHg8Ji42plTGtkc_kM5pR9nq4KX1zZ9h4QBg_G6Cl1xVtOmYYs4-eWooqjnySArc-7QcYapi8kjh3irFKbJzU9fEOi8hQh6Gvbwo7p4TqGuKBM5mzfuiXrayCZb2u5IZoVfxwZ4G0p2Aj-gpaPN_YOzYFR6dVZMiVs34gveS3VEBHVUxzqEj6oXLm50q_4nCKS9rkm37R_9phLeslXdtx-EunNkm3tfk3_Sa7rMqlHPLyT5dRbLiBygADShCQ_35t_Ve1OAe0rGlxy70GgBZhZCnP2q1f_njSAlCzHpqORgfP3396FSdfqQMAAA
                )

            [method] => POST
            [type] => redirect
        )

)
Array
(
    [resultCode] => RedirectShopper
    [action] => Array
        (
            [paymentMethodType] => scheme
            [url] => https://test.adyen.com/hpp/3d/validate.shtml
            [data] => Array
                (
                    [MD] => bnZuUEpnNW1YRWVkOWxQTWZxUE1HZz09IbG2_RJdVo7L8WmXbhrvpu_XGjWxY4DQyglr7CLLokKQdAln1ti433ZAL0qAt18hZCXI0lGWHJu_18kV1o6vldCSvf5rr0amYL6mxSKt2iQ_e3Ol0c-COifONzRdkPqKWEiPbHvJjI7gu44kqm9pcoFgfp5GbtGkvbbVmk1KNlFB4DWtx9ChJX_gw6K1UbZz-0y1dN6esAO_Q1r0s8e4apNHu6rLzVyBel7AvIawUMpn68quZIEM-30mVLMnIP4Y7SNXnwmKCjolQwGDxh1F2ykmVAJDyuCurWqseMalGsIJKU4CCQL-kwQgHlwZCaBiPqzlmu47wlCIQjjCEU-9Mwqau_v-i7ErZCBqwl3fEJImQVUZtdp8b3KH-JpOWwvJEOa7GVkA7FWUKoTVohMIarkH9ajwSzPUTO_fBS5GeYpRnwIGZeIiBJRDG9QxLY34Yv4GKJb6ZPoz4orDLz4TpsiB4pmcY2tJrsODi4D4v3EUSh1Ypu4T3ou-7iG5QJuL78TUgavTK1kDVp8dnkTo4UL00pJqttjH1KFEDrvd6FdDwfTaFawWSNufMJRt52DxOm8YgsxIbLuQuqMhtaY5TJcO2eA6kUlutQMw2eF7-FkMBqEDUydOVy3HKE9pPuZAC4c60B2F5jwOYfIgOelq-SBpSli0GXVeluC2bDBwrB9vzu-fYYHavyRi2-CGScE-VMoQ1bqoge73zse-vxPMNAuDECmv9w4oDY7LlgwhRAq3cLsrkf_-PdeIOvTmLueir4hXwPDYL3YL9bVTKrQTgsb7VgZnIS4zLg
                    [PaReq] => eNpVUttuwjAM/RW2D2jSlGtlInWwDcTK0Cig8TJVqQUVpIU0HfD3SwodW558fDm2jwPRViEO5yhKhRxCLIp4g4006T/6YZutJ4P58iWcsNW0yx45zIIPPHL4RlWkecZdhzoMSA1NuRLbONMcYnF8Gk95y2VeE8gNgUQ1HvIICz2TMhDHMlWoAiHyMtNArlHIYol8EXwFgwd/LmOln0Uu31KZakwG7yGQKgGqInXhXtM0qAGUas+3Wh8Kn5DT6eTIPEGVpYXe5/nOMURAbAqQ+6iz0lqFoTynCY+iz8tqp4cLd/0aLYrLkjab4Sawrw/EZkASa+SMMkZdz224bd/t+i0zROWHWNpZ+GgybHR6zKHUrH91wcF2Cq7AxGzorwvMDRRmot6pRoDnQ56hyTBa/9pA7oMPRlZxoY18LWYlb7U73R6txa8CliW1elHqVTQWALGl5HZWcju/sf59ix9PCrYX
                    [TermUrl] => https://checkoutshopper-test.adyen.com/checkoutshopper/threeDS/return/H4sIAAAAAAAAAAXBx7ZrUAAA0L95M2spJ8rgDvRoQbQwsYijdw7i69_elvSXjwkK5Hl8RUT8jsLOji7Xj5IrkIlncuOclqtk-taLcGJMNho-eb0eM0o_ahtdMZDcX9WvjGiaU2e4Bd-PxN4Aikp4E1_4nWDrRPxoeK9GTx2lBNuFxEQffSF6R_lYVzwbYpMeLs_YycZNIWX3-BcT7aa0X_e76JzFiOTGyZ-H3mpMhQDoloGbv5NSlfNDzXe1O_I8HDrCePWKAKRovzix1j9pddIGEeTJjeE_onjRcOPt1CVWfGMhyObXE9GreYc_AfYMf2jZGVjzSLMLSjTZwih8CE1r1BwQM97rM56DIbZT756qdNWEQv66IeR16YdEtEbLBq2sVzdNNwIgiq6JdadbPfszETOhcZa7HxBgzl7U3LYV5QDjrHPJUHpgDSOviSgsZ0-Vsq4NbhgkezGzOWU8MX22o_PQZTtj1LDjGSUKjMkPp9rSsrV7cll7ercT-HZaCt5DhfH8Hk9NTaDWCPpbUjn3MmMKxAdQDT2nE2e6wbRK5g38eWsEMA_fmNz1dbOlBkjgoOTAq4l4RsCnJoQxjfpwdWQyrB9U2eEbRCeFM1uMnT-BwMTxWV_2vX0ShiJL61HQSiGdpZ8p2Rl5L1Ra-nt_kNJlD2xcbZeWm8hFi1XvWfzw9a9NQp7ugh7trnWSUGEwpbOERZaCX2GHP-ppyNzsoIQXwZfGBVJ5tKcdl1plw37BPGH2-gZXPyHskUjmknCuAnfcCCvj-Jkdv3dDYqLqfWUstCaXyJepggx1bxA7Lsd68UiSxeHgTjBJMWP21Vm_-YX6mtvalSnmFFCzD38wEWxWUH9OR4pNKja5PPSN1fWrLWfCKhk1D9xm9a8Zd1it2d5M4182N2mG9vrfvM1vWMIVjl_4Z9FkYoheqFgGGb1Y8t_WVH_s7T2Itgl_rd6QaQ2ZPpRxukl_VJhONFl9Y1PsIDa1MvsfehjnY6gDAAA
                )

            [method] => POST
            [type] => redirect
        )

)
Array
(
    [resultCode] => RedirectShopper
    [action] => Array
        (
            [paymentMethodType] => scheme
            [url] => https://test.adyen.com/hpp/3d/validate.shtml
            [data] => Array
                (
                    [MD] => YVFzdU5XSjllRkdVbDVsRGlKREpiQT09IfFxl1DzP8SdNCM6BvRcpcgz2VjyTPoXuV9Rc4Z_I2h2qK-RcnZ_me9Xloi0I6SJVsm9uN7qwxOMutaBiOPa_x_qKAEB1O63P8NIuVP3G07efga1y67hYbDH1UfmC-7NqXGsw5M8vsOKBWfiReAx45xwBr_aoeUOAKZd-uqny523A3ZQIRsW3nm4ydPGSAtOimJVASxi0lqLacVpbnRIEzpohcQbgErvo9xF-iuOmyAcbk7Tqa-dM8ksNSwgvuT2OPQ7xpjS-QFbigic_PCiExfce-sxhnCinWB_Jdnk0prZ2zOlYKrm0mCv8AdVklTDFemTqWbHHQIRLCguqPdC0Qk9xhivsxnpQrE27Pg4PfbW2UNx9Ud3azt9nB5he7aODABHEuE4yX41W8fZgo2vPbJVvel4pBDzP_mpT2SQJaFupu_gfol23_-nY0Ka9sct0mWScHRWF6IEUuD9G0REeywg2Y7rx9dtYONA_yKTO46dKgRqnEeicM5b0F1c8AYXBVubCNh7tT-KCp_-6-OZfooQVCUKwIvyytABsePqL-L5DBeOyhEzHzxWlWhqnBXrkBn4CKR3NTphn2Kj8szzCoAwZ2NIpJ3bYYkXYVeYs9WlzXpZqQv0TLY1KuPNVnO3e5uyEMseeAkSBBnTJSmkVa0IGEF1d0PzxhurjupHoQzDYRac5Rt4t5y_V6VhsnTYwfa7Bj2gD0oWj7ldTR3fXrOMlhYYmIJEqpY2byU4kEIKGiE5YTFijDBZs8i4kd3J63thqHyPuxavVwg_fkkNyRGTlznolS4zLg
                    [PaReq] => eNpVUttygjAQ/RXrBxAIIsKsmUGto21VvLWPHSbsKNWAhlDt3zdB6SVPe/ZydvdsYLOXiKM18koigxmWZbLDVpb22+F4GY8D36O+N3gNRj3aZhBHKzwz+ERZZkXOHMu2KJAG6nLJ90muGCT8PJjOmedQtwPkjkCgnI7YBksVCxHxc5VJlBHnRZUrILco5IlAto3eo+FDuBaJVI+8EC+ZyBSmw8UMSJ0AdZH8Ym5HN2gAVPLI9kqdypCQy+ViiSJFmWelOhbFwdJEQEwKkN9R48pYpaa8ZilbHcfL1cfBnW+m7nz79LbYLjuzXWReH4jJgDRRyKhNqe24Tsvphk4QdnwgtR8SYWZhk+dRyw+oZdt6/ZsLTqZTdAM6ZkJ/XaBvIDHnzU4NAryeihx1htb6xwbyO/hwYhTnSsvnUSO51/V7gd2IXwcMS2b0sm23pjEAiCkl97OS+/m19e9bfAP78bVA
                    [TermUrl] => https://checkoutshopper-test.adyen.com/checkoutshopper/threeDS/return/H4sIAAAAAAAAAA3SR5KCQABA0dvMjiokiCxmQVREyTbChiI0QaBpQiNw-pkb_Kr3n-pvBPSjePFv_9N1XluATAWzd-1MT8ONG9CiUepbd1IP5-IXlvI8y6uX47w6GPDZA2d4EyB6ORcnBlMzo0l5OYqTHorvbmho4-zfwdyLxBLG72Y_yZLKje2kyZaMpqTJJ_vMOhfLIMBhr7QAyyo97WehjjL1dnqVvUIJ1vi-zl_-eVln25TDsvGgtHH89pWnJB3gy5bMuKDIiHaeYSU2dg1vDlnUc3vhXH1psZv-DiR_a-hufKQ5wBnyDO3AQ527WaVN6yBuOtUQu9-lPGuFYEyp4nlpZ8v_VisJGNtxhQ1_fMrVs6Zq8sRRGm0rc0jNW42UBoVyci9QS-MpZg67i8ypp3tlvUgFaLtA1WEfjGF2u_2XPZSKjE6h0G4rbnWzzhvC7qQxglNxTpmFzMvaxFfBpsciIpmvoZDaqiTfNKJx-5s7hZcyrgZmdbI7WGHHYfnfJelxwPjuPdUJJklVDh3DJhSKaDMV53yh-9DPb16onw3tRVTxSnsa3L8VEwnTJhZLZFtSspuBzZ0Ls_JGpMEmf_IZrZ_yixS9ZUAyxaqFJaBMBSfUmbLjchhcoLzMr7Hu-yLJM3TGB_XgVRnae60dt2MLu7AekfyeWhlxiumxVoBrxJify3wcyiB9Y8Yy8J3Noqh9RwBGsxh2xxvHo7vSwSM6mcSxALJZyJNde84QSq0vyyi4-30LUtq4avqpoJ1jq8n0Ifg2uIcaeWnOewu38HsCzqCeURB9y1SQP0yl0kP4Eboi8NjyPdnPro6i3rhrI46YbH9xrWaY10bjo0BvPqocz5eGawv2fmaXerztDtnSFXyrpGxba_euQXegofO541H9NGiB1ZQuzYB-U9wkKVnqHzxjD5ZwgiiHv7rr6KLAMwIvA1G9MD9zU_0mc3hf9HjDxAfH6X-AQpofFONPUqbw30jJclbKyw_AhP4DHnW8E6gDAAA
                )

            [method] => POST
            [type] => redirect
        )

)
Array
(
    [resultCode] => RedirectShopper
    [action] => Array
        (
            [paymentMethodType] => scheme
            [url] => https://test.adyen.com/hpp/3d/validate.shtml
            [data] => Array
                (
                    [MD] => NmFmcWROMzVQRHg1aU9KWWdDeEtTZz09ITlDiIwTHzDY-8_1RoK9gFNu1rutjgaLcFD0nmupN-Z-2ww2ytMGCubTz-Bp-beGpUvdl15bkRGGxTt4iuRhfY5Ox5urOrmL7sVjHOFWQy2U-U_TtfaMjMyibpzTybQ4Z37Z7wCiwryd46D-WMykqlYvCNaj4Xtp-pJ4r0Lp8GjKAk7TUe1I2XWCY-35f0OOpsz-Hsvob6RKrXmICJp1uJnpQSVEFZzLy_FnOig7lVlI_GNXRUfFQGfSL4pa48nWd0928DfTCEiEmT6iEgbIY3cYNvNqKrKBIpVaxcbeRs6YDOGBlEMzICrHG6zt1TOgD0evbY_39kGBop6vQlNJpuWJl6uRe30v5rLTVLdqQlJHuGxKZ8l2hysDX6PFnWWkY8TVhSMUlZX8oKhd9sRNW9q1MuwcOQaKvCWB56fkpYUomEVKLe-kPaANn8Nf7LTLEGrYZDbLo9C8B2GzueYHY2p0xzBYOdyCTeJmAyc8UZQA5IkoLILI4UpCDPMA9w7vbYq7ntUgn8V3XftpxeVCYmiJwCvdaeLLV4H5FuJUIpsmP6JaDFgRMrS83CwkRgbCgLA0y7f_q9QwlWaTh40sTcfsms5mNsOGD3MSlaJ1WDXHXxCX6gPEknQORtu4yWbJgxT3JezNIFHC0W4urClVT0zo35K25SVsBoObxtbF55tI7RtiKR9ctxK3CLC6QsFm1cC6C2Bpz6Eg8x1PY2fKeYTr3hnQNPDuq2ccevX7TON3Xjtur48IFoNPB1p2K__W7LkqJYoVHgXJQhwAA3s39nbfkdKxWBAuMy4
                    [PaReq] => eNpVUttuwjAM/RXGBzRpyrUykQpMg0EZ46JJe5mq1IIK0kKSju3vlxQ6tjz5+HJsHwc2e4U4XqMoFXKIUetkh40sHTTD0Th+n3Vnw/n6ab6Y9ViTwzJa4ZnDJyqdFTn3PeoxIDW05Ursk9xwSMR5OF3wts+CFpAbAolqOuYb1GYpZSTOZaZQRUIUZW6AXKOQJxL5NvqIRg/hWibKPIpCzjOZGUxHLzGQKgGqIvXNg5ZtUAMo1ZHvjTnpkJDL5eLJIkWVZ9oci+LgWSIgLgXIfdRl6SxtKb+ylL/S1eLtoIM1fY63NI03B92Kd5F7AyAuA9LEIGeUMeoHfsPvhMwPAx9I5YdEuln4ZDZudPvMo9Suf3XByXWKrsDGXOivC+wNFOai3qlGgF+nIkebYbX+tYHcBx9NnOLCWPnazEne7nR7fVqLXwUcS+b0ojSoaBwA4krJ7azkdn5r/fsWP/gRtbo=
                    [TermUrl] => https://checkoutshopper-test.adyen.com/checkoutshopper/threeDS/return/H4sIAAAAAAAAAA3OSdZzSgAA0N38M-fom8E3oERbCCntJAdBRFfRRLP69-4KrqP-uYM2lHHgOVfkB0ZD5aFkx_FLrW4ryi5SMlGvtuaOjEtNCfFJBZMtNZq7UfO2fpoclppKjsOGXSIj6H2nz9XRwVagi1AwUVQ6Dn-vnuKKLtD1A61suwXvOuW8g9tmbx6gsEQfw9Ni_6RDInyitc6dj3O2Bb7QWfhsxgiZsIN2n88Xy6tE7Jzdt09_wM0_bLJiAlvsTEIs6h9b7gQUVpRJJzFICYarSc_Dy0UYy28q-MCek8EEFqY2a8T-I7pp2QXPpzZ6bSP0UW8-dTcJwlrz9foBWZyz4hi_SIkW1RqBW3sbEN_emsJMmTJ1f-7Xnm3FxFF-lEUVLHyqerrS35zLBLOh89dKIa9RyepXpE9G6nRlwvzP710Lb7HV81tQMeSPmyGK4Ovr95ax6YediT39Phc14e_aGMddKqLo_XDCPkvEyX6_pCVwY-lLOdteen5u_0CscHzd4TSchltkw4ro7rnsjqJbCxDBmz6nmVrASQKiQuvXVqVGSmPyuJTUe50AVdYgn6UYZr7Mmd0ETWiyIQbq3ZGlXfj__hXGNWxGMWKSesVHFYF0aK0d_F55BWHEGpy2WaGJl-HOW7mqNYEzP0QG7F3QFKCBMnkK9fMr-Xsf5-jNkgsq62VYuMFdPF1lnEefW1SsJkZygIRv7rdu9L1g3dgzLqzmQIxVXa6pGYCM2W0GfYTIa2I4m-Ye0aJMXnGshcZxqykEa2sHUrkeNgMg4P1FG6gS8IBW8MXfGvGg7ild21WKZuY9-u5d3b50WVa_RECeyySfdZtZ0dQm965QmLafz1iA3ddKp8hoEst_77LMLIw0FnX3so9YkTfnZP-141o1c7620_iX4_aZb-v7H15wUNXVXI1l9QdUJ7MFW4EPHbq2SP9b2ubvkZs1FttzauRoD2vL772VDeUs39tsH7P1qdAqlcEi-XT_ARZz0s6pAwAA
                )

            [method] => POST
            [type] => redirect
        )

)
Array
(
    [resultCode] => RedirectShopper
    [action] => Array
        (
            [paymentMethodType] => scheme
            [url] => https://test.adyen.com/hpp/3d/validate.shtml
            [data] => Array
                (
                    [MD] => a0JHSkdSM2ptblNIQnY1a2lkRXNWUT09IQhT2Rk_gVr5c04o2A4u_ToamKrc1VfJvqnaNLFeO8YbH1bI1156PpujihDK7lzb3aeO3K0Hh5TjzTdrc6p42DLVA8hb7UdEA_BntnBlNZfTgqIfClVW1tVsJqx30IpU4lk1dWusGSqdMk4ALLiH_alwZifi7PvHc8lyLg5JgSi-W2LZcA1JNQCwLhdM3Fafzv1j8By2ou0C7YFWUkA5Zn72BgvuvMMQbcMnP2Lau2Uy4AiXwYfdUpB-Ij3lGm0qrF0kc5likFpyRZXtHLnl2FiIcOLhBVVUyVeNvcuJA_a_dfzb-n8zwG-t2x-RXY7v4DVPktihzZFB-GuPuHlKGSWvqcIiq9s_XRUU5KgmS09IPnw6RFKsX3t4bX_uRIBDOPh7tYBt6Stg6cLjZTG_Tb5d59D8MDFZ8RvanfpymxdLJ6f7p8fSxwe8Vf_OZXHGGfS6KqRvawrQtSau14LNm_M_r6U-GMGCg87TRbHtSEZfkjZAtso0EUg-0VRZWyS-zEH1tMPVGh59GGPm4ZkrfdU_zMCiWQBvfpUcjIsV_LXzIljLbXrGwlOjTzA6Evv32zgk01ScQAOeg0O5fyukmgcSMoLOw1snS7bXQJL4WZucypwdGY3m-P7CVJSfj3gzI3GSWMc8VmJvXguhFYXjS54uAInlmQZlO4fAdJp3P2hfasEA1tCs-zmnJ2erxyzNTWuE6_RD_W6FoBRp4BlwWFBFP0BE_VTKXnrTuSkhbxjRImYhNtDefDQwa6-0r68xgJpB7cYCFoewXJr6MaupCcNDvjLN1FWWoS4zLg
                    [PaReq] => eNpVUttuwjAM/RW2D2jStOVSmUgd3QAxGOI2aS9TlVpQjbSQpgP+fkmhY8uTjy/H9nFgtVOI8RJFpZDDFMsy2WIrS/uP4Wzem8TD5eZlOmHvsy575DCPFnjk8I2qzIqcuw51GJAGmnIldkmuOSTi+DSe8cBlng/khkCiGsd8haWeSxmJY5UpVJEQRZVrINco5IlEvo4+o8FDuJSJ0s+ikK+ZzDSmg7cpkDoB6iJ14Z5vGjQAKrXnO60PZUjI6XRyZJGiyrNS74viyzFEQGwKkPuo88papaE8Zylf7aNgSRejtfsxXK3Ly4b6/nQb2dcHYjMgTTRyRhmjrue23HbI/NDrAan9kEg7Cx9N4lanxxxKzfpXFxxsp+gKTMyG/rrA3EBhLpqdGgR4PhQ5mgyj9a8N5D74YGQVF9rIFzAredDudHu0Eb8OWJbM6kWpV9NYAMSWkttZye38xvr3LX4AxMW1hg==
                    [TermUrl] => https://checkoutshopper-test.adyen.com/checkoutshopper/threeDS/return/H4sIAAAAAAAAAA3QN3KDQAAAwN-4Y4YMKlwQRM5HEg1DOjJCRMHr7X6rNcXfDNUU0JfAxOctHyzVnV5Yhg-9F1tR4KMP1W183OvTOlyoAiXfOEfuqf_ORn0psBBqx2fKLEOqbPaVK1iuYhhFO_PetY2oM8OdE1llEzqqNJTf3X65FPRM4qIRcmyTM0H55FJ-2iZ-sBLo1x8VCkMYYVu4ap8vgapzQA49Vkb7KoNPafYkZxitkmbDmbSwZZxDKdjhMmpKq0GLRLiRFBymWa5wGk1pElIG7wPrWP7C3zsqMC8pCnqOSiYG5-tjP0zTzQtzcnAj2_HgIrk2Pl-wDGYeUTtikEf0s0hoX1BD20vz5SXxphjTgEutWthGw4dhcIWVdRS7xqVZWsI7Ryb2PmVkw7-IF7-YgxRDp9_a5k4kHpF3Z1cGXQbR8SnU9vNY09gLAkqvR_Bf7Uwn7Un6GhMbmcfp7qm8aDsNs734jQZbTRdGl_hy6udUST1E1hSlhPWObILzNX5LQ6MhM7MQfM-KDWFqJ7EiyxDQ-ucfnYu7gWzHSMMaUzNd6ACRTVmoWcb3cmUDzwT2XcJt6xt9BjWChl4SXQC5nwq2mU4oN9RDlp2RTPrlfyi9TaGNXP6Ac1B06hqmRnyrQ2fk8SKfg935N0c_j4PA77pHMVC4nF3VqE3Ba-_HugDm27BPbJ0Ak8euZpBRshfXfJbyixgRhxFCDcCOqG-V-N8yCzYctSOu90Z6xR2gyJ1Tp2F0k8EmIVdqM-HgDczWJ4dtworc46Th1fK9bsuP9iedemIa0dKb92aSH85I4iUH5Z9p6OvxtPg76Jv823nq-GqsTayg6J4ZjaALzX5rbeaZ4iVI7-qMtYU2s30WCks8OsPCpCh6A_I26p922qp6ybb2Pf1mc5tm-9b8zOvsVbBaqqmofi3noYsyCCVTxyOLxX_Wtv6VRHKwlTNLM1nfR-rhEpuIIigwBfgkICpINnVwYeJNOPkHzFDJk6wDAAA
                )

            [method] => POST
            [type] => redirect
        )

)
Array
(
    [additionalData] => Array
        (
            [cardHolderName] => Checkout Shopper PlaceHolder
            [cardSummary] => 0010
            [shopperCountry] => HK
            [authorisedAmountValue] => 79200
            [issuerCountry] => NL
            [expiryDate] => 3/2030
            [authorisedAmountCurrency] => HKD
            [cardBin] => 222300
            [recurringProcessingModel] => CardOnFile
            [paymentMethod] => mc
            [cardPaymentMethod] => mccredit
            [fundingSource] => CREDIT
            [merchantReference] => ND1286
            [cardIssuingCountry] => NL
        )

    [pspReference] => G6Z6BD5275BV9D82
    [resultCode] => Authorised
    [amount] => Array
        (
            [currency] => HKD
            [value] => 79200
        )

    [merchantReference] => ND1286
)
Array
(
    [additionalData] => Array
        (
            [cardHolderName] => Checkout Shopper PlaceHolder
            [cardSummary] => 4444
            [shopperCountry] => HK
            [authorisedAmountValue] => 475200
            [issuerCountry] => GB
            [expiryDate] => 3/2030
            [authorisedAmountCurrency] => HKD
            [cardBin] => 555555
            [recurringProcessingModel] => CardOnFile
            [paymentMethod] => mc
            [cardPaymentMethod] => mccredit
            [fundingSource] => CREDIT
            [merchantReference] => ND1287
            [cardIssuingCountry] => GB
        )

    [pspReference] => RB7HLMZ6HXSKGK82
    [resultCode] => Authorised
    [amount] => Array
        (
            [currency] => HKD
            [value] => 475200
        )

    [merchantReference] => ND1287
)
Array
(
    [resultCode] => RedirectShopper
    [action] => Array
        (
            [paymentMethodType] => scheme
            [url] => https://checkoutshopper-test.adyen.com/checkoutshopper/threeDS2.shtml
            [data] => Array
                (
                    [MD] => M2RzMi5lYzlkYWQ5ZmExOGZhOTRjMjEzNzM1MWJmNWRiOGMxNjg4ZTYyMTY3ZjAxODNmY2MzMTFiODQ4OGUxODZmMjdlLjIuH4sIAAAAAAAAAB2ObWvCMBSF_0s-r0mT2hcLMubsNttuMgZKJSBZeqdd21SypEPF_764T_fAczjPvSCKUvTRC20yOfRl0zcG6sfVK7pDdOLQwZjjT8oJJzWMWA26FhKwq3ICihN5ANkO1nDiCGhPg4RmhJqTOImjCSf3LZxmv3L3j3dn5ZdLeMrX9RdsnYI5w9F-4pHhhNGQMRowf0rdmeLcm--9hXhIkli-mXCovs2-yOYbbztUYSCes6p8X6_Ussjb27N-gFJlu-4W3ewFSas1KHlyipdi4Sqj6CygNAqCyPev1z_g2MHA-wAAAA
                    [PaReq] => BQABAgAwik3yBPi0peUHx56OnatQRE41sAhWynWcA7Ebv3yF91wEeghN51BJ3tn3wHuXkUVcLS4RXNORv4_cU1aX92mmnCDuN_ZgaGq02T_fHNbnzrbNdTLwUYad53cfFqoq3tfvDBE5JsgncpygWTyHb8zzn2jfdGD5hmJLur0sXnxCce3pkDhNw3QxmvtTAuVaqrNN6XNI7AvLBhtqLD5c74kMBLCr5AH_2ppfSnWKaz8BCuT9AOeuNHXTHXzGV6XS1acNh2va_hfPHQxa_KbIP-GJ4Vtb10__u6vKaU2q4k5cRz1xfPhnwbzbPSQ2EgGJ4Eh8cQUA39FLOdRdSGXMGFwk01uWpRvdXq4ktcBathTkDUZ2bX2Owp0wVBqV-L9fRKTyGSizdQcI-QukSG_royq84X_MIwsWTXQmzKp_CBPrjnTsinXyK7o1OUbW9GR3ONi5qzORYm0UPyPBld5_EgI2xeMfC4gouM1BKeq1bKe8fqGnbIU-XLw2cHN2b3LiVIUl308kMN9PmNXUtvSHoM0FKysAjf5IUsndOfFLdW68mFSpMrVLG0MmbllVyeKOKjmAvsK8jqIIcJfsT6dRhP6BVL3N0Snl8RW07Bfy8N7I4Pu5lEpzU2XGsQFd8LzjNB1tvChB1zkZJcvYeFlR6oEOvrTMJ0-IrA-gICPgnDvBNxD6-RJFVM2WE_6sG5bd6SbcAEp7ImtleSI6IkFGMEFBQTEwM0NBNTM3RUFFRDg3QzI0REQ1MzkwOUI4MEE3OEE5MjNFMzgyM0Q2OERBQ0M5NEI5RkY4MzA1REMifS-GfBPT7c69Yx046hjXjba-YjiSiRWtzvvgnHV7m-9nPuaZeEL2MV8CcqKzigHbtqqt5ihZ0w6dh66LgmhDNlfi6Y-5xRUolRXU13OhU34RBKCBX1X4Ai-NVWJPpBToIKJkP-N0N0wDk5SsJwEA0WbtzmH26uXVA_0srAoF6ZGh1f7Tm9Dcc3ZCrtpVrIcH_5klc00PseBMslW1ecExykLDGTEmYBWWXPHzUN5HktnnS9NJ14o1skk7hAMU8K8mc_fIOLadMh9eCI4V6zgbSrutCLep749w52Bs3XIUqsgWGSF-Eq7a_iCQAodnvjwxMMAC44OWSoHxZQWezB9kIbYr7VVPUlOex2E9zAc4ObXqDTNkShcmqaaApDyVdmgKOx4LrUFIuiIpRp7MaMHBfLVrYj-xF8xpUp_ToYxG8sFfYC4yLgUAAQEAZayKUZXAGA2a6bPUYCRaarnfBlFROkX7HtZHdBp23P1jHBNKmoWkk-aF0s0dwejNBNIC7h4iw5En2C6mZ8Lzd2qBhMoWNcpAHn1liF8qRFjTn27S2GuOa06YAlAfME_hm-SZsYGWA0H7eJ_yPBkX7IwrXU1CeXmfXD5O3r0j0ni9M24wig1tPZRbpCIwZCOPw9sLhaH-_WDdq8_tvQiECTTrPYVnTTw6FB8y0uWwBegq_OdRrZ5KDzmXAMy7AnYQMPlJMh8niCXcrq2_40IH2UDyrdZU7kK6GNFZHIeV-gQY0TbMGXr7PTVDGWJidsqisyPwe5KUUI4chIorCZGUOxAsxo3KzFXHehq8m8qm707yAAA47TALNM4o-GV35aHvjafy21iRWjKxDKS0z6HTcfcHePoPDTXK5r1QKSTz54zsDvQ0m6F5UTXDjRXngpDVRsJyaG-o5NhiVGLapCfltUBChQ2AC9yMR1ARga-W2AoIA8YxYrWh2Q-19vvm4e2u5A3ibqDsmoO1b28pbWXyVWyM7mmwck7WKFhDRQighBhAmhFXkPOi1Ta7k1bzrnSz7dmKcF_Pt4TzeZUfPrJ9JYpW1R2qbpbiiqmyr_CadeP74Ol-6JYNIH43HbV_WxsWQeU1P65CVwSf_s4Cym7m4Tt53rrRLNS40vCzTGHiArrCjy5B4_Fx0AAGu1G0zzNr70V-y5_9eLkQteEby0ealpPDULg3UMyOymSs4sJQ62lzhispUQ_fOJUKtHpr6ZlPZ6AuB4QrBGKz24fpxgKs7JvnxCqY7sgKYkPMQf2Gm1Cu72vjwjbYdJ8uUx8Mev1-iPxetjqlBmLezmEWaNHfhZCZbJd3QEIBSPAmsuUq7YpYSquOrTALoCFLY8bTvzaqgqfH4LIMM4BADF749hN9mPWjhrj7gnb4doTgqphZHMGvuEXWXslOFEdhDNAx0qKrae9tuZq397Nt8cWk5S9FiMlkGsEMrqu62KlWBuLYEMsWa9uQ6X9ffdd133d-nc-Voo2b_sNcKZag4nHoBPmyZcIMlDAeh-15CfCabJAeAQGpDWjzE3O5aCI-T_J_fclxTXSvLkLDibrEc8nHfXlQujHmK5vkTrIw83A9kye4Fi4HHBI3VoiUEKlQ04ECqgYoQMmnl8DbIjD5PN7tDkdqj-Xc2x9TeeJIuKIsB_lGWE_kZNiXOWP2DhyVkk9VBqAu2vABUbwn0lhyAfbdbS38Ld_V-TNxfV5T8sBS1gZ5QW5CTGCxo9PBw602FrDjuZyb5gC-n9EpTHazcM0hdMRj8I88Oxvx-f-vFgDu10bscvokoHSQxgzk24B5WjJMIMU9t-PDvWo1BvsGNqDqjk75RkgD3zmTrNWFrHkY-5mJHiJwevkb3rN5jZ4gxYdjQ4zduklm00Azk0xXTQ5YAwZODZ4DsGgyNFWq3mz5325g13H-nxC9nYnMERTtEkdX3i2QQud_25O6mExn4dUSSnd2pJXxggmqKoEuzBaN4PEOENKsqqCUFYRWq_Mx-OP4UzCQ6E_rm7mnVwPiBW_SNfcbBn_zswb3GfGzMgokQBBkLOycG7YpW4YkWL87bdnWqNP4DqkikYhUfSqgSLwEsMw_aHV2gx2qJLWWEO4yNq0nIMoVICZcEaylv_sGaL2lm4bttwSs_yhZIAQgWhaTEv8K4_102fDwuxaoHatI49EFk1lbs00LKAVga6WVN6km4QLueO20MRUPzIDF8OWFvGugL0NaCOsu2ugeGgOSmXI8xmYamg7SbrRv-akPC7fRrMi8__MAgUQTDxJXWq31si0oJIqXjnAtqp1YO9HKBLP54bG4xUHrFqN_mhdwWJhv8OXFBsqa2GaAwStGSUkvpOvKVnW3PwzY-asNyqtMX4-D7z46cglpwMDgz62w5_6_QXEDwZZ_cv6yY0frD7PiuVm26IXQgrMKGUqo2IFzBlekUci8Jo8emr3muzsBLaw53CND9ZgSCI15wQooxLGRMQvtHhOGcUVnV5frP4LaaJKWu9Y3ufyovrYzKnS14QSD3mxNbBLq8X31HaWAs7T19_NiPAsoIKSEulgI_9Q0dMo08J0c5YKZV_4ScJe-jfvQtGW3rfwsbfWd5hJO_kIyh58YQlJe-qNxqu-M49Y4PwvshVLR_yc2yjvEI8x-KDCaVOcm7G0fp3_cHmAnfExDKJ5G2CsUcu34rEyqDujo-3eQRa1bYG2N_cmNw5z_s7Q_0TgCI985ngOTHg3bZbpKssHTpePqzPkfSoUih0f8b0eBe3Tb9K_dS6EGu-vPhc7JWs56LrgvsRjSnl-DzM410Urneh_EkXgkdW7RINEYW4IJOXMbWvROXMREnIMOE0BVQUwT4z1pLWySAkp0F_FjzlAQu5_LY1BZaaCusB70lcMnhiOgYy-1Uz9MSout-KQAZOagog6PXsEUbWaUFXvAw4YyGfY4bMfK8vr1Rsl7AbSj_V5157Ts2cdnf5VLHGi7YnVTQqC9H8Maqzh8u7Sy15iHUmu2Np65Vkc7hzFQIa_LAwAAJpCajXALhkRaHGpFIO2I54q_LDKzMR15zSLMqcrvWcMfcCJ9UCTYcxh8-PBh2mUA9NClpMwPSZNJDpeV4VCEA9Uew3lUklr-HA5Wfto3vEkvYS1GGU81Dcy7xu-dwgL7lHsOLB9zmtm8JkK5QGymrbxoDpklZ7L1be8CptFW90NC_2iwm-buPt8kBZHImPt6R_Nn-9IsrpeAKrzJQnCybj-4DgiYzHIShi83frGcXNhrsiXpAfgOJ9K2WeI
                    [TermUrl] => https://checkoutshopper-test.adyen.com/checkoutshopper/threeDS/return/H4sIAAAAAAAAADXQu7aiMABA0b-xYy156i0sEOUdooAXScNCXkkkiARB-PqZKeaUuzzgdABSuAKitunaPtPkqiJ2_kILYRiHFNDzGqxABInLgiQk0ALfgDYKitMFxKmMqP6Fp4ClElhBbBJ4uirQuv01xAAtW586H1vhjv6_owQfyWSAY2RmWy4MWxZLuPDB58GDcfyABnludETVuywlMVr688XMdpoSZ7VerPQyRYZ3m-LQkLYLrMN2uxaWxutfb9efSuhfZ0RpvH-57pqARJc0E3vzW3YMggNVD55Q7E7EsPClUUKG3XcMHUaNqJZ99GWT7MtULjsVlX4FhvtPWPIuddT5xxSU3sY4sK4gfM31dihZ5RdMEH7wHTvPlgjsbrwmLgkLTB-PdbylkVFxrd_ftezGOX1Iu0BoTLf9CEoiV7MZ5Vz07HYhfUmU6E01Y2kC_W0sl2oS16yRgK0L879hG9KNVTPkI3l1h7wnWf4Z8abnfVjV1VB1RXX4tY-JHCDNvkee5e2lDSfNYcjjC7HVAisTX19qCjQcmVZOlRF1UVnefCYq5jEu8H7-A0NCWtEEAgAA
                )

            [method] => POST
            [type] => redirect
        )

)
Array
(
    [resultCode] => RedirectShopper
    [action] => Array
        (
            [paymentMethodType] => scheme
            [url] => https://checkoutshopper-test.adyen.com/checkoutshopper/threeDS2.shtml
            [data] => Array
                (
                    [MD] => M2RzMi42ZjFiZTkwMjRiYmM3Mzc5NDg5ODhiNDA1NjUxNDI0NjQzMmExMmM0YTgyYWYyNDE3M2NmNjNiOTQwYTE2YjM3LjIuH4sIAAAAAAAAAB2ObWvCMBSF_0s-r02T2BcLQ-zavViniDCpBCRLL9q1TV2WZoj43xf36R54Due5V0RQira90KaQQ79s-sZA_bR-Rw-ITBw6GXP-STnmuAbrq0HXQoLvqhyD4lieQLbDaDh2BLSnQUJjoeY4TuIo5HjWwuXxVx7-8UF_0-f9hMwzu803TkGd4Tx--pb6CSUhpYTRYErcmfoLLzt6uZgnSSxXJhyqL3Msi2zn7YcqZOKlqJabj7V6Kxft_dmAoVSNXXePbvaK5Kg1KHlxitcydxUruhFQGjEWBcHt9gdOwwVV-wAAAA
                    [PaReq] => BQABAgCLPanQ7ySmHCxEJ2bApFoXossIBvEoFxyo7zWdEa0QpR1PoBUApPAdaAztO8_jCvjKW2xSlRXEqzfr3N2V9BGCmQ_ZsO4NnFe03DUITHHMxpj0ZBc9iLll1Ds8dhAtz0We5vejiZkrT-Om79rLwqgdxdAkKwfOKvPqKm00ndIr2XzYFplcEWxA19_7DgIFcCQDglIptD-9Y-nCzk_YU102cTLjzEf6J51Jxx-Bzcb5LpbBMKTLglxegQODdSQluJF6OvZKwOQ8paSn-EP1blptvvG24vTz9WxFvNkubE_MsBKWTMAmNDIsFeMrdeQ_A8JPEykFWPne0g66uwNE_v9C7Z6o7_PBm_4elootB6O5s70PigvGnJD4ZdxCPZxZYTmjfk_4d7wJuJI-VCDOunNSDvd05TIbhiSDXnjgJbgCkj_zaUDLnhqd-D9ysSkozpJcoVyohyv8pKz8PmB_MA8kCSuqhktX2lBMGfIeZSunQBUW31nF2CJG_-Hfw8YRrjgm2nCKUwrLiDZGiIaLULkDszscNa12NXPasrpXwuNCVaPTnBVn6bhXyukuP3nzn2j-saq1pUnukqr_m2L1xdfuUvXDI7rwMdLAuf0V-jPRjGIshbIUkyWMbvyf34HjO7TXsLLlHhFz-bXs9BZKDA0tZRkXexVHkGGkQ_OKHK-w0BCFSdhH1TWxVdhsmGS387aYAEp7ImtleSI6IkFGMEFBQTEwM0NBNTM3RUFFRDg3QzI0REQ1MzkwOUI4MEE3OEE5MjNFMzgyM0Q2OERBQ0M5NEI5RkY4MzA1REMife01hhmrO4nOnNk9o9WzuR63EmyqtZZtQgNJhhqQkUdjycavcITogLr8n341og__NV3Vhtvrqwvscvld-fT7tMHBJgtqd7Lk_Tdp0mbFh6PRgNsJp1GbCDJlQsW_p8X9SKXmscxWFp1-ecjlq1kJMwzq8HTYXuyPDd6MjEo89PdjpE70EG-XkwQfdJdV5sez5ssSFBjg3s2Z2-mxCiHc8nMkqiuHNASk0gC3AtO4ALUEvxLxLyD0pfY0qsHdUWppvN3jnN8B9TE1p5WEzGJtT1wy2isJZKNuA_-oOc0uRvRxizbMYCThhObSjtK9hbRBVzq75EgSrNm0u8TdwyuQ-JVnqJKG5wbeIDoB7V_yX0izpft5v529jr-Fl3AyG5nmWoBItRP5ebhPDFhlbGk6zrC2mMIxihTX2Sdp6DSx4EOd2PzsEZpx1GQzJSrn5pcIZ-7DVyXTnkOQhWySLjIuBQABAQAbiaJeGzrm1BC5EmXE6QqJ6WkozKub_57GLo_BEAjxq5VSfra_U5f3j_j9_tsqZNHrQmYKygPNfLQbtiakk-fu0i_RuTB21cEg4w_iAfw9b-JP8dJs-JOMCV7QEBILP0iRzqRilAm2Yml04fQNrlTyZCtQ4-494p0bbtg02jJSlN-RHIztNOHsOk1Ayufa6Fdha4AWnN0PEP8KON5NJjUBhzi4u9lysZ3idju2qzgbhCgEje5UQIqyZAWowi6_ddVZg5-KHT80BU6hCRhJSjdl0n9bIAHTq_QavQdUlV_mel0EKxzRqwdGEsjrBYuyII457ixl_5OfmsC-p729WhZuEM6MvIz-NBt5bSn-WoCb4cIAAOoiI8FYQhKBzb_5JY7EVNyS0i5ILtLJkK75G5AfhsYD-WIpBsVE8rQaKhLrF7LW_gzeTOP9wqP9JmpVRO6Oi1HGucMQxAZd4LgTmiWrq9isQrDP2ebtKid80pljddQz25i2YngTP3KVTGlN2o49Rhztfn6hhNrCgDwDxcSzAMFNpzPmQMpTZwEB75N8r9y1IG_wysDUio_mLvHcTUANgV7gdGjDg-lHdmt8hu5kw6ovplVIzKyES-DqpP0PmzW_Eziqhf92xk3FK6_8ixkC6zZBjLYqdZFxDUZKnkktLzG0KYLw3wNTSSlEcXmKuLMzQAiuge0M9LJ1QnAEMmldq5rJWoBFvGEffXmY82pnk582TGUIf7qNNUoayMdZM_APE6mlWDlDOgAVfHbimYfX5etbSGx9Xr-v6O00mUfugmfMkB1e84dazZRqJ1FDUocclfcxMeW-GY7FF4aUn2cNv1brF8Km5mxU5jDswHZ_fzcSm9exQ3oO_3YFzdFRgdjy9-C8uEWuItmgsSr9Hc3r1_2PcXl1PiI5incN0ssNKMlqgC6eDN0B8Or6HjNKP7bccXnNh3i_4O0nbVYHD9aCzN8SWLQqnn94S3Y7iCvutvNxxIBGleglAJH_jzZn1Wk6qWdSn8_Vn6Hw_PC7Au5OWEbpA7VzvouB_qveqo7CPvnt5ts4qagUwGttcp3y1WiZnIjSJe2nIMD1rGNSrzj4mCd39UviGObX7kCssQNDyQ3WazvWdbVR8vWUH_dymUGvtuumOIvZMZ8rLH7EsIok1uwhyep5Yq_EzENfvNOoEXD8BN_XpYWzTV--XHWEg08xvdZjmLvR0riUZZzf-5N_V52AyoTJYuNFKylppDazoFbSYrgpEPTE_FFslRgKAzf8PC6elF5yAFQGiUrtR_FSQ-1UbOKwCWMe6JAyxmhtTYdY-k4Y8DDO_3Wm_HXBCykwCAHzF8_sUjxe1zWtAX80In5Hxp2rsGnEcuHvISQ4erxmY-ztPZWk6Xdv5uMaDIP61YwEziogRLgN9TV5WqZN3qA-AHc5R4YoFtCCMPvZU6f61hxA-tUJ-JAX19vGkL8YFKSoD2Y-YvwHrP2MHDBQmLg-JSdBkseHZPweZRFaPAN_cUTq3loDXlaESUjlvy6RtYBg8huOtQFI9lex2o33cb3WRtTvBzppYBWo9FkatPv1hPGNpYugM9j_uMkN8UVWhl8LOqZETb8o-Vn3nst1MflY7qYwyXgE51wf5qj1avwWsOU71hikIpfy4trJFlFuwO4u2HCcXmNxzuSEZJGEXTZCtNQc7TgoTZgPjsmtqmMAXXsP8oc48JB-f81AH03E9VUF2OmEtr8cgqkUDREg6SptJDXodT1dq6SOpNnnoV6cmp7Xdi_XtLQBUk2ng9vgkHpHNjuZqC64NUMryCIgcgweHv5H7dIXp3bz5pgNdDbP6hGmLS2P6SaoFDrM5cKDdnHMMh9eGCnABUVwtpWdBuOvBOhlTAYAlt5OAyPwTqDKZk_eckThm6qWsb-0Z9LiAuiN2EjlG1Ue2hLPCUiyN7Ejwk6X5WgdPzaRFfYihRRl2Od7aUFta-oNjh-Eq2aLrjsNWQCFowINqlsKT03GTW_BA4LBA_jCuXbLNTj-S-7npl1LIICFvsZ5KgWkQej5vzdxqWvJqCOlnG5H40pDmyb7yf-GhTVfFEtdb3oiUKCHeiHnRMfmSO40S6ADm4n7hUrib1VWz212gcEJvWMprKDXLLPqhe1Z9k497kfMeX0XVzA1oIAPzmIUs_stvMZEZXRCYm2R9s3HDkIoNIYnzP8ijF0LMrbDsD0hWPVEeBV98KsQZkVw8qTVqhEJaOeQiq9RmfHxCRBO5JgRApZsC6SacNMEE1CPnA7iJTvLVmhNiyy35lbBKKWGMWGL1TdMbhjF0p18l36F1ywsUI3MmtuDG0ivzDD3gONheP6XTYAyHWrXKhlfxTfxMdYmWqxWOHD-XSB2Al-9uryFzw0cePpBMrh3YIxMtwWdsrBPIGXAH_WWjeC1OE0K02UCybQ2FiPZsj5dT2GseNO1L_Nop4ib7y9suIXFBFAmxL8E-chCLfT0KfjCQ-zqy0RxJIEFEd6Criboh_MQHjfxSquiaWjyArBvCqds3uiyg3fWGJyaGh0zo7sAxXaK9UsJkVgg6Brznk38DXMzB-1OOx_KI1N9meoK6qow5Eogop1UitKisKl2ZWICNliO02bufcz-YU0BL0OrzCjn5J6sNYiqqtJdf_eP2D_ZF38RSdacszjRNpuzQK5ITevDIWY0RP4LYFFB71w
                    [TermUrl] => https://checkoutshopper-test.adyen.com/checkoutshopper/threeDS/return/H4sIAAAAAAAAADXQybKiMABA0b9xlypkEF24AIKikPCAyLSxABESHzPI8PXdvej7BacugmfEuxuiIh-zC43JZ0bMpVGFBLRlEoaFZMOSYqjsMXssGN44zJwNVfqCKsRFpFijIFox1AXE4wozTG3izBHR-YghwWK3yRCHm_I_lbfT4Ksh1bs8uQH0HE94NbMcsCVfn9YUaq2quZZ16vbE54O4YaKwvIWDK4lwyiWfcx3aJyfOTBxHPg1giJVn6gJ3Bjeizodr-AM8UleTkvYdZ4ROY327coXiL80dK4UJLHnV8mrncWdNHolkujWSwYJ5Chd_kcHx8ZcF3qcSzdt05ATyub5EsgDQpgfNe5RtRNxI77Pq3VjWNh6muKg9bwnv5dpZAhoov9VylHWxbf529yRlsn8wl_f4fFVK43s4DPOf9JuYklnsTeN3oWO2vpZHP5UX58r0QM2M8VS87Hn2fTD_G7aj9ZgXfTLSpj4nLX0m01ju2qF183fe53WWnyG8aHcNykbomVfzyO8GWpy1yrQMDJZsO3qeGySzkn_M71zckSjbLtGz9fO08ZjoQP8D1zuESgQCAAA
                )

            [method] => POST
            [type] => redirect
        )

)
